{"/home/prachwal/nanolux/src/app.tsx": {"path":"/home/prachwal/nanolux/src/app.tsx","all":false,"statementMap":{"0":{"start":{"line":1,"column":0},"end":{"line":1,"column":18}},"1":{"start":{"line":2,"column":0},"end":{"line":2,"column":28}},"4":{"start":{"line":5,"column":0},"end":{"line":5,"column":35}},"5":{"start":{"line":6,"column":0},"end":{"line":6,"column":9}},"14":{"start":{"line":15,"column":0},"end":{"line":15,"column":23}},"15":{"start":{"line":16,"column":0},"end":{"line":16,"column":42}},"16":{"start":{"line":17,"column":0},"end":{"line":17,"column":61}},"17":{"start":{"line":18,"column":0},"end":{"line":18,"column":55}},"18":{"start":{"line":19,"column":0},"end":{"line":19,"column":40}},"19":{"start":{"line":20,"column":0},"end":{"line":20,"column":52}},"20":{"start":{"line":21,"column":0},"end":{"line":21,"column":54}},"21":{"start":{"line":22,"column":0},"end":{"line":22,"column":47}},"22":{"start":{"line":23,"column":0},"end":{"line":23,"column":57}},"23":{"start":{"line":24,"column":0},"end":{"line":24,"column":44}},"24":{"start":{"line":25,"column":0},"end":{"line":25,"column":3}},"26":{"start":{"line":27,"column":0},"end":{"line":27,"column":10}},"27":{"start":{"line":28,"column":0},"end":{"line":28,"column":6}},"28":{"start":{"line":29,"column":0},"end":{"line":29,"column":19}},"31":{"start":{"line":32,"column":0},"end":{"line":32,"column":44}},"32":{"start":{"line":33,"column":0},"end":{"line":33,"column":23}},"33":{"start":{"line":34,"column":0},"end":{"line":34,"column":26}},"34":{"start":{"line":35,"column":0},"end":{"line":35,"column":13}},"36":{"start":{"line":37,"column":0},"end":{"line":37,"column":70}},"37":{"start":{"line":38,"column":0},"end":{"line":38,"column":50}},"38":{"start":{"line":39,"column":0},"end":{"line":39,"column":13}},"40":{"start":{"line":41,"column":0},"end":{"line":41,"column":20}},"41":{"start":{"line":42,"column":0},"end":{"line":42,"column":7}},"43":{"start":{"line":44,"column":0},"end":{"line":44,"column":1}}},"s":{"0":1,"1":1,"4":1,"5":1,"14":1,"15":11,"16":11,"17":11,"18":11,"19":11,"20":11,"21":11,"22":11,"23":11,"24":11,"26":11,"27":11,"28":11,"31":11,"32":11,"33":11,"34":11,"36":11,"37":11,"38":11,"40":11,"41":11,"43":11},"branchMap":{"0":{"type":"branch","line":15,"loc":{"start":{"line":15,"column":7},"end":{"line":44,"column":1}},"locations":[{"start":{"line":15,"column":7},"end":{"line":44,"column":1}}]}},"b":{"0":[11]},"fnMap":{"0":{"name":"App","decl":{"start":{"line":15,"column":7},"end":{"line":44,"column":1}},"loc":{"start":{"line":15,"column":7},"end":{"line":44,"column":1}},"line":15}},"f":{"0":11}}
,"/home/prachwal/nanolux/src/components/Accordion/Accordion.tsx": {"path":"/home/prachwal/nanolux/src/components/Accordion/Accordion.tsx","all":false,"statementMap":{"1":{"start":{"line":2,"column":0},"end":{"line":2,"column":39}},"36":{"start":{"line":37,"column":0},"end":{"line":37,"column":32}},"37":{"start":{"line":38,"column":0},"end":{"line":38,"column":6}},"38":{"start":{"line":39,"column":0},"end":{"line":39,"column":9}},"39":{"start":{"line":40,"column":0},"end":{"line":40,"column":12}},"40":{"start":{"line":41,"column":0},"end":{"line":41,"column":23}},"41":{"start":{"line":42,"column":0},"end":{"line":42,"column":19}},"42":{"start":{"line":43,"column":0},"end":{"line":43,"column":6}},"43":{"start":{"line":44,"column":0},"end":{"line":44,"column":24}},"44":{"start":{"line":45,"column":0},"end":{"line":45,"column":51}},"46":{"start":{"line":47,"column":0},"end":{"line":47,"column":24}},"47":{"start":{"line":48,"column":0},"end":{"line":48,"column":20}},"48":{"start":{"line":49,"column":0},"end":{"line":49,"column":24}},"49":{"start":{"line":50,"column":0},"end":{"line":50,"column":5}},"50":{"start":{"line":51,"column":0},"end":{"line":51,"column":3}},"52":{"start":{"line":53,"column":0},"end":{"line":53,"column":10}},"53":{"start":{"line":54,"column":0},"end":{"line":54,"column":118}},"54":{"start":{"line":55,"column":0},"end":{"line":55,"column":13}},"55":{"start":{"line":56,"column":0},"end":{"line":56,"column":21}},"56":{"start":{"line":57,"column":0},"end":{"line":57,"column":32}},"57":{"start":{"line":58,"column":0},"end":{"line":58,"column":24}},"58":{"start":{"line":59,"column":0},"end":{"line":59,"column":27}},"59":{"start":{"line":60,"column":0},"end":{"line":60,"column":30}},"60":{"start":{"line":61,"column":0},"end":{"line":61,"column":49}},"62":{"start":{"line":63,"column":0},"end":{"line":63,"column":60}},"63":{"start":{"line":64,"column":0},"end":{"line":64,"column":52}},"64":{"start":{"line":65,"column":0},"end":{"line":65,"column":66}},"66":{"start":{"line":67,"column":0},"end":{"line":67,"column":15}},"67":{"start":{"line":68,"column":0},"end":{"line":68,"column":15}},"68":{"start":{"line":69,"column":0},"end":{"line":69,"column":10}},"69":{"start":{"line":70,"column":0},"end":{"line":70,"column":38}},"70":{"start":{"line":71,"column":0},"end":{"line":71,"column":59}},"71":{"start":{"line":72,"column":0},"end":{"line":72,"column":29}},"73":{"start":{"line":74,"column":0},"end":{"line":74,"column":36}},"74":{"start":{"line":75,"column":0},"end":{"line":75,"column":20}},"75":{"start":{"line":76,"column":0},"end":{"line":76,"column":14}},"76":{"start":{"line":77,"column":0},"end":{"line":77,"column":12}},"77":{"start":{"line":78,"column":0},"end":{"line":78,"column":10}},"79":{"start":{"line":80,"column":0},"end":{"line":80,"column":1}},"93":{"start":{"line":94,"column":0},"end":{"line":94,"column":35}},"94":{"start":{"line":95,"column":0},"end":{"line":95,"column":11}},"95":{"start":{"line":96,"column":0},"end":{"line":96,"column":19}},"96":{"start":{"line":97,"column":0},"end":{"line":97,"column":22}},"97":{"start":{"line":98,"column":0},"end":{"line":98,"column":14}},"98":{"start":{"line":99,"column":0},"end":{"line":99,"column":11}},"99":{"start":{"line":100,"column":0},"end":{"line":100,"column":24}},"100":{"start":{"line":101,"column":0},"end":{"line":101,"column":10}},"101":{"start":{"line":102,"column":0},"end":{"line":102,"column":20}},"102":{"start":{"line":103,"column":0},"end":{"line":103,"column":75}},"104":{"start":{"line":105,"column":0},"end":{"line":105,"column":10}},"105":{"start":{"line":106,"column":0},"end":{"line":106,"column":61}},"106":{"start":{"line":107,"column":0},"end":{"line":107,"column":16}},"107":{"start":{"line":108,"column":0},"end":{"line":108,"column":10}},"109":{"start":{"line":110,"column":0},"end":{"line":110,"column":1}}},"s":{"1":1,"36":1,"37":7,"38":7,"39":7,"40":7,"41":7,"42":7,"43":7,"44":7,"46":7,"47":0,"48":0,"49":0,"50":0,"52":7,"53":7,"54":7,"55":7,"56":7,"57":7,"58":7,"59":7,"60":7,"62":7,"63":7,"64":7,"66":7,"67":7,"68":7,"69":7,"70":7,"71":7,"73":7,"74":7,"75":7,"76":7,"77":7,"79":7,"93":3,"94":3,"95":3,"96":3,"97":3,"98":3,"99":3,"100":3,"101":3,"102":3,"104":3,"105":3,"106":3,"107":3,"109":3},"branchMap":{"0":{"type":"branch","line":37,"loc":{"start":{"line":37,"column":7},"end":{"line":80,"column":1}},"locations":[{"start":{"line":37,"column":7},"end":{"line":80,"column":1}}]},"1":{"type":"branch","line":54,"loc":{"start":{"line":54,"column":34},"end":{"line":54,"column":67}},"locations":[{"start":{"line":54,"column":34},"end":{"line":54,"column":67}}]},"2":{"type":"branch","line":54,"loc":{"start":{"line":54,"column":43},"end":{"line":54,"column":69}},"locations":[{"start":{"line":54,"column":43},"end":{"line":54,"column":69}}]},"3":{"type":"branch","line":54,"loc":{"start":{"line":54,"column":73},"end":{"line":54,"column":112}},"locations":[{"start":{"line":54,"column":73},"end":{"line":54,"column":112}}]},"4":{"type":"branch","line":54,"loc":{"start":{"line":54,"column":84},"end":{"line":54,"column":114}},"locations":[{"start":{"line":54,"column":84},"end":{"line":54,"column":114}}]},"5":{"type":"branch","line":63,"loc":{"start":{"line":63,"column":9},"end":{"line":63,"column":60}},"locations":[{"start":{"line":63,"column":9},"end":{"line":63,"column":60}}]},"6":{"type":"branch","line":65,"loc":{"start":{"line":65,"column":42},"end":{"line":65,"column":60}},"locations":[{"start":{"line":65,"column":42},"end":{"line":65,"column":60}}]},"7":{"type":"branch","line":65,"loc":{"start":{"line":65,"column":51},"end":{"line":65,"column":62}},"locations":[{"start":{"line":65,"column":51},"end":{"line":65,"column":62}}]},"8":{"type":"branch","line":71,"loc":{"start":{"line":71,"column":36},"end":{"line":71,"column":54}},"locations":[{"start":{"line":71,"column":36},"end":{"line":71,"column":54}}]},"9":{"type":"branch","line":71,"loc":{"start":{"line":71,"column":45},"end":{"line":71,"column":56}},"locations":[{"start":{"line":71,"column":45},"end":{"line":71,"column":56}}]},"10":{"type":"branch","line":94,"loc":{"start":{"line":94,"column":0},"end":{"line":110,"column":1}},"locations":[{"start":{"line":94,"column":0},"end":{"line":110,"column":1}}]}},"b":{"0":[7],"1":[1],"2":[6],"3":[1],"4":[6],"5":[1],"6":[1],"7":[6],"8":[1],"9":[6],"10":[3]},"fnMap":{"0":{"name":"AccordionItem","decl":{"start":{"line":37,"column":7},"end":{"line":80,"column":1}},"loc":{"start":{"line":37,"column":7},"end":{"line":80,"column":1}},"line":37},"1":{"name":"toggle","decl":{"start":{"line":47,"column":17},"end":{"line":51,"column":3}},"loc":{"start":{"line":47,"column":17},"end":{"line":51,"column":3}},"line":47},"2":{"name":"Accordion","decl":{"start":{"line":94,"column":0},"end":{"line":110,"column":1}},"loc":{"start":{"line":94,"column":0},"end":{"line":110,"column":1}},"line":94}},"f":{"0":7,"1":0,"2":3}}
,"/home/prachwal/nanolux/src/components/Alert/Alert.tsx": {"path":"/home/prachwal/nanolux/src/components/Alert/Alert.tsx","all":false,"statementMap":{"1":{"start":{"line":2,"column":0},"end":{"line":2,"column":50}},"2":{"start":{"line":3,"column":0},"end":{"line":3,"column":20}},"32":{"start":{"line":33,"column":0},"end":{"line":33,"column":31}},"33":{"start":{"line":34,"column":0},"end":{"line":34,"column":19}},"34":{"start":{"line":35,"column":0},"end":{"line":35,"column":22}},"35":{"start":{"line":36,"column":0},"end":{"line":36,"column":20}},"36":{"start":{"line":37,"column":0},"end":{"line":37,"column":8}},"37":{"start":{"line":38,"column":0},"end":{"line":38,"column":11}},"38":{"start":{"line":39,"column":0},"end":{"line":39,"column":10}},"39":{"start":{"line":40,"column":0},"end":{"line":40,"column":18}},"40":{"start":{"line":41,"column":0},"end":{"line":41,"column":17}},"41":{"start":{"line":42,"column":0},"end":{"line":42,"column":17}},"42":{"start":{"line":43,"column":0},"end":{"line":43,"column":10}},"43":{"start":{"line":44,"column":0},"end":{"line":44,"column":16}},"44":{"start":{"line":45,"column":0},"end":{"line":45,"column":53}},"46":{"start":{"line":47,"column":0},"end":{"line":47,"column":19}},"47":{"start":{"line":48,"column":0},"end":{"line":48,"column":25}},"48":{"start":{"line":49,"column":0},"end":{"line":49,"column":15}},"50":{"start":{"line":51,"column":0},"end":{"line":51,"column":19}},"51":{"start":{"line":52,"column":0},"end":{"line":52,"column":33}},"52":{"start":{"line":53,"column":0},"end":{"line":53,"column":38}},"53":{"start":{"line":54,"column":0},"end":{"line":54,"column":21}},"54":{"start":{"line":55,"column":0},"end":{"line":55,"column":19}},"56":{"start":{"line":57,"column":0},"end":{"line":57,"column":38}},"57":{"start":{"line":58,"column":0},"end":{"line":58,"column":5}},"58":{"start":{"line":59,"column":0},"end":{"line":59,"column":28}},"60":{"start":{"line":61,"column":0},"end":{"line":61,"column":29}},"61":{"start":{"line":62,"column":0},"end":{"line":62,"column":23}},"62":{"start":{"line":63,"column":0},"end":{"line":63,"column":15}},"63":{"start":{"line":64,"column":0},"end":{"line":64,"column":3}},"65":{"start":{"line":66,"column":0},"end":{"line":66,"column":29}},"67":{"start":{"line":68,"column":0},"end":{"line":68,"column":58}},"69":{"start":{"line":70,"column":0},"end":{"line":70,"column":25}},"70":{"start":{"line":71,"column":0},"end":{"line":71,"column":22}},"71":{"start":{"line":72,"column":0},"end":{"line":72,"column":21}},"72":{"start":{"line":73,"column":0},"end":{"line":73,"column":18}},"73":{"start":{"line":74,"column":0},"end":{"line":74,"column":21}},"74":{"start":{"line":75,"column":0},"end":{"line":75,"column":18}},"75":{"start":{"line":76,"column":0},"end":{"line":76,"column":19}},"76":{"start":{"line":77,"column":0},"end":{"line":77,"column":18}},"77":{"start":{"line":78,"column":0},"end":{"line":78,"column":14}},"78":{"start":{"line":79,"column":0},"end":{"line":79,"column":18}},"79":{"start":{"line":80,"column":0},"end":{"line":80,"column":5}},"80":{"start":{"line":81,"column":0},"end":{"line":81,"column":3}},"82":{"start":{"line":83,"column":0},"end":{"line":83,"column":10}},"83":{"start":{"line":84,"column":0},"end":{"line":84,"column":8}},"84":{"start":{"line":85,"column":0},"end":{"line":85,"column":24}},"85":{"start":{"line":86,"column":0},"end":{"line":86,"column":18}},"86":{"start":{"line":87,"column":0},"end":{"line":87,"column":62}},"87":{"start":{"line":88,"column":0},"end":{"line":88,"column":16}},"89":{"start":{"line":90,"column":0},"end":{"line":90,"column":20}},"90":{"start":{"line":91,"column":0},"end":{"line":91,"column":32}},"91":{"start":{"line":92,"column":0},"end":{"line":92,"column":21}},"92":{"start":{"line":93,"column":0},"end":{"line":93,"column":14}},"95":{"start":{"line":96,"column":0},"end":{"line":96,"column":33}},"96":{"start":{"line":97,"column":0},"end":{"line":97,"column":57}},"97":{"start":{"line":98,"column":0},"end":{"line":98,"column":51}},"98":{"start":{"line":99,"column":0},"end":{"line":99,"column":12}},"100":{"start":{"line":101,"column":0},"end":{"line":101,"column":23}},"101":{"start":{"line":102,"column":0},"end":{"line":102,"column":15}},"102":{"start":{"line":103,"column":0},"end":{"line":103,"column":23}},"103":{"start":{"line":104,"column":0},"end":{"line":104,"column":29}},"104":{"start":{"line":105,"column":0},"end":{"line":105,"column":31}},"105":{"start":{"line":106,"column":0},"end":{"line":106,"column":36}},"106":{"start":{"line":107,"column":0},"end":{"line":107,"column":9}},"108":{"start":{"line":109,"column":0},"end":{"line":109,"column":17}},"110":{"start":{"line":111,"column":0},"end":{"line":111,"column":10}},"112":{"start":{"line":113,"column":0},"end":{"line":113,"column":1}}},"s":{"1":1,"2":1,"32":16,"33":16,"34":16,"35":16,"36":16,"37":16,"38":16,"39":16,"40":16,"41":16,"42":16,"43":16,"44":16,"46":16,"47":11,"48":16,"50":16,"51":12,"52":1,"53":1,"54":1,"56":1,"57":1,"58":16,"60":16,"61":2,"62":2,"63":2,"65":16,"67":13,"69":13,"70":12,"71":12,"72":2,"73":12,"74":1,"75":12,"76":2,"77":12,"78":7,"79":12,"80":12,"82":13,"83":13,"84":13,"85":13,"86":16,"87":16,"89":16,"90":12,"91":12,"92":12,"95":16,"96":16,"97":16,"98":16,"100":16,"101":2,"102":2,"103":2,"104":2,"105":2,"106":2,"108":2,"110":16,"112":16},"branchMap":{"0":{"type":"branch","line":33,"loc":{"start":{"line":33,"column":0},"end":{"line":113,"column":1}},"locations":[{"start":{"line":33,"column":0},"end":{"line":113,"column":1}}]},"1":{"type":"branch","line":66,"loc":{"start":{"line":66,"column":18},"end":{"line":66,"column":29}},"locations":[{"start":{"line":66,"column":18},"end":{"line":66,"column":29}}]},"2":{"type":"branch","line":66,"loc":{"start":{"line":66,"column":25},"end":{"line":87,"column":39}},"locations":[{"start":{"line":66,"column":25},"end":{"line":87,"column":39}}]},"3":{"type":"branch","line":87,"loc":{"start":{"line":87,"column":29},"end":{"line":87,"column":53}},"locations":[{"start":{"line":87,"column":29},"end":{"line":87,"column":53}}]},"4":{"type":"branch","line":87,"loc":{"start":{"line":87,"column":39},"end":{"line":87,"column":62}},"locations":[{"start":{"line":87,"column":39},"end":{"line":87,"column":62}}]},"5":{"type":"branch","line":90,"loc":{"start":{"line":90,"column":7},"end":{"line":93,"column":14}},"locations":[{"start":{"line":90,"column":7},"end":{"line":93,"column":14}}]},"6":{"type":"branch","line":97,"loc":{"start":{"line":97,"column":9},"end":{"line":97,"column":57}},"locations":[{"start":{"line":97,"column":9},"end":{"line":97,"column":57}}]},"7":{"type":"branch","line":101,"loc":{"start":{"line":101,"column":7},"end":{"line":109,"column":17}},"locations":[{"start":{"line":101,"column":7},"end":{"line":109,"column":17}}]},"8":{"type":"branch","line":47,"loc":{"start":{"line":47,"column":12},"end":{"line":49,"column":5}},"locations":[{"start":{"line":47,"column":12},"end":{"line":49,"column":5}}]},"9":{"type":"branch","line":51,"loc":{"start":{"line":51,"column":12},"end":{"line":59,"column":5}},"locations":[{"start":{"line":51,"column":12},"end":{"line":59,"column":5}}]},"10":{"type":"branch","line":52,"loc":{"start":{"line":52,"column":8},"end":{"line":52,"column":32}},"locations":[{"start":{"line":52,"column":8},"end":{"line":52,"column":32}}]},"11":{"type":"branch","line":52,"loc":{"start":{"line":52,"column":32},"end":{"line":58,"column":5}},"locations":[{"start":{"line":52,"column":32},"end":{"line":58,"column":5}}]},"12":{"type":"branch","line":53,"loc":{"start":{"line":53,"column":31},"end":{"line":55,"column":9}},"locations":[{"start":{"line":53,"column":31},"end":{"line":55,"column":9}}]},"13":{"type":"branch","line":57,"loc":{"start":{"line":57,"column":13},"end":{"line":57,"column":38}},"locations":[{"start":{"line":57,"column":13},"end":{"line":57,"column":38}}]},"14":{"type":"branch","line":61,"loc":{"start":{"line":61,"column":22},"end":{"line":64,"column":3}},"locations":[{"start":{"line":61,"column":22},"end":{"line":64,"column":3}}]},"15":{"type":"branch","line":70,"loc":{"start":{"line":70,"column":18},"end":{"line":81,"column":3}},"locations":[{"start":{"line":70,"column":18},"end":{"line":81,"column":3}}]},"16":{"type":"branch","line":72,"loc":{"start":{"line":72,"column":6},"end":{"line":73,"column":18}},"locations":[{"start":{"line":72,"column":6},"end":{"line":73,"column":18}}]},"17":{"type":"branch","line":74,"loc":{"start":{"line":74,"column":6},"end":{"line":75,"column":18}},"locations":[{"start":{"line":74,"column":6},"end":{"line":75,"column":18}}]},"18":{"type":"branch","line":76,"loc":{"start":{"line":76,"column":6},"end":{"line":77,"column":18}},"locations":[{"start":{"line":76,"column":6},"end":{"line":77,"column":18}}]},"19":{"type":"branch","line":78,"loc":{"start":{"line":78,"column":6},"end":{"line":79,"column":18}},"locations":[{"start":{"line":78,"column":6},"end":{"line":79,"column":18}}]}},"b":{"0":[16],"1":[3],"2":[13],"3":[2],"4":[11],"5":[12],"6":[1],"7":[2],"8":[11],"9":[12],"10":[1],"11":[1],"12":[1],"13":[1],"14":[2],"15":[12],"16":[2],"17":[1],"18":[2],"19":[7]},"fnMap":{"0":{"name":"Alert","decl":{"start":{"line":33,"column":0},"end":{"line":113,"column":1}},"loc":{"start":{"line":33,"column":0},"end":{"line":113,"column":1}},"line":33},"1":{"name":"handleClose","decl":{"start":{"line":61,"column":22},"end":{"line":64,"column":3}},"loc":{"start":{"line":61,"column":22},"end":{"line":64,"column":3}},"line":61},"2":{"name":"getIcon","decl":{"start":{"line":70,"column":18},"end":{"line":81,"column":3}},"loc":{"start":{"line":70,"column":18},"end":{"line":81,"column":3}},"line":70}},"f":{"0":16,"1":2,"2":12}}
,"/home/prachwal/nanolux/src/components/Avatar/Avatar.tsx": {"path":"/home/prachwal/nanolux/src/components/Avatar/Avatar.tsx","all":false,"statementMap":{"42":{"start":{"line":43,"column":0},"end":{"line":43,"column":32}},"43":{"start":{"line":44,"column":0},"end":{"line":44,"column":6}},"44":{"start":{"line":45,"column":0},"end":{"line":45,"column":6}},"45":{"start":{"line":46,"column":0},"end":{"line":46,"column":11}},"46":{"start":{"line":47,"column":0},"end":{"line":47,"column":7}},"47":{"start":{"line":48,"column":0},"end":{"line":48,"column":14}},"48":{"start":{"line":49,"column":0},"end":{"line":49,"column":19}},"49":{"start":{"line":50,"column":0},"end":{"line":50,"column":22}},"50":{"start":{"line":51,"column":0},"end":{"line":51,"column":5}},"51":{"start":{"line":52,"column":0},"end":{"line":52,"column":8}},"52":{"start":{"line":53,"column":0},"end":{"line":53,"column":19}},"53":{"start":{"line":54,"column":0},"end":{"line":54,"column":9}},"54":{"start":{"line":55,"column":0},"end":{"line":55,"column":21}},"55":{"start":{"line":56,"column":0},"end":{"line":56,"column":14}},"56":{"start":{"line":57,"column":0},"end":{"line":57,"column":10}},"57":{"start":{"line":58,"column":0},"end":{"line":58,"column":24}},"58":{"start":{"line":59,"column":0},"end":{"line":59,"column":10}},"59":{"start":{"line":60,"column":0},"end":{"line":60,"column":17}},"61":{"start":{"line":62,"column":0},"end":{"line":62,"column":46}},"62":{"start":{"line":63,"column":0},"end":{"line":63,"column":19}},"63":{"start":{"line":64,"column":0},"end":{"line":64,"column":34}},"64":{"start":{"line":65,"column":0},"end":{"line":65,"column":18}},"65":{"start":{"line":66,"column":0},"end":{"line":66,"column":15}},"66":{"start":{"line":67,"column":0},"end":{"line":67,"column":20}},"67":{"start":{"line":68,"column":0},"end":{"line":68,"column":8}},"70":{"start":{"line":71,"column":0},"end":{"line":71,"column":59}},"71":{"start":{"line":72,"column":0},"end":{"line":72,"column":43}},"72":{"start":{"line":73,"column":0},"end":{"line":73,"column":58}},"73":{"start":{"line":74,"column":0},"end":{"line":74,"column":71}},"75":{"start":{"line":76,"column":0},"end":{"line":76,"column":36}},"76":{"start":{"line":77,"column":0},"end":{"line":77,"column":85}},"77":{"start":{"line":78,"column":0},"end":{"line":78,"column":8}},"79":{"start":{"line":80,"column":0},"end":{"line":80,"column":31}},"80":{"start":{"line":81,"column":0},"end":{"line":81,"column":14}},"81":{"start":{"line":82,"column":0},"end":{"line":82,"column":14}},"82":{"start":{"line":83,"column":0},"end":{"line":83,"column":12}},"83":{"start":{"line":84,"column":0},"end":{"line":84,"column":19}},"84":{"start":{"line":85,"column":0},"end":{"line":85,"column":39}},"85":{"start":{"line":86,"column":0},"end":{"line":86,"column":30}},"86":{"start":{"line":87,"column":0},"end":{"line":87,"column":27}},"87":{"start":{"line":88,"column":0},"end":{"line":88,"column":10}},"89":{"start":{"line":90,"column":0},"end":{"line":90,"column":5}},"91":{"start":{"line":92,"column":0},"end":{"line":92,"column":26}},"92":{"start":{"line":93,"column":0},"end":{"line":93,"column":14}},"93":{"start":{"line":94,"column":0},"end":{"line":94,"column":38}},"94":{"start":{"line":95,"column":0},"end":{"line":95,"column":27}},"95":{"start":{"line":96,"column":0},"end":{"line":96,"column":15}},"97":{"start":{"line":98,"column":0},"end":{"line":98,"column":5}},"99":{"start":{"line":100,"column":0},"end":{"line":100,"column":22}},"100":{"start":{"line":101,"column":0},"end":{"line":101,"column":14}},"101":{"start":{"line":102,"column":0},"end":{"line":102,"column":41}},"102":{"start":{"line":103,"column":0},"end":{"line":103,"column":23}},"103":{"start":{"line":104,"column":0},"end":{"line":104,"column":15}},"105":{"start":{"line":106,"column":0},"end":{"line":106,"column":5}},"108":{"start":{"line":109,"column":0},"end":{"line":109,"column":12}},"109":{"start":{"line":110,"column":0},"end":{"line":110,"column":39}},"110":{"start":{"line":111,"column":0},"end":{"line":111,"column":80}},"111":{"start":{"line":112,"column":0},"end":{"line":112,"column":131}},"112":{"start":{"line":113,"column":0},"end":{"line":113,"column":14}},"113":{"start":{"line":114,"column":0},"end":{"line":114,"column":13}},"115":{"start":{"line":116,"column":0},"end":{"line":116,"column":3}},"117":{"start":{"line":118,"column":0},"end":{"line":118,"column":10}},"118":{"start":{"line":119,"column":0},"end":{"line":119,"column":8}},"119":{"start":{"line":120,"column":0},"end":{"line":120,"column":86}},"120":{"start":{"line":121,"column":0},"end":{"line":121,"column":25}},"121":{"start":{"line":122,"column":0},"end":{"line":122,"column":16}},"123":{"start":{"line":124,"column":0},"end":{"line":124,"column":23}},"124":{"start":{"line":125,"column":0},"end":{"line":125,"column":32}},"125":{"start":{"line":126,"column":0},"end":{"line":126,"column":64}},"127":{"start":{"line":128,"column":0},"end":{"line":128,"column":10}},"129":{"start":{"line":130,"column":0},"end":{"line":130,"column":1}}},"s":{"42":10,"43":10,"44":10,"45":10,"46":10,"47":10,"48":10,"49":10,"50":10,"51":10,"52":10,"53":10,"54":10,"55":10,"56":10,"57":10,"58":10,"59":10,"61":10,"62":7,"63":7,"64":7,"65":7,"66":7,"67":2,"70":10,"71":10,"72":10,"73":10,"75":10,"76":1,"77":9,"79":10,"80":10,"81":1,"82":1,"83":1,"84":1,"85":1,"86":1,"87":1,"89":1,"91":10,"92":8,"93":8,"94":8,"95":8,"97":8,"99":1,"100":1,"101":1,"102":1,"103":1,"105":1,"108":0,"109":0,"110":0,"111":0,"112":0,"113":0,"115":10,"117":10,"118":10,"119":10,"120":10,"121":10,"123":10,"124":10,"125":1,"127":10,"129":10},"branchMap":{"0":{"type":"branch","line":43,"loc":{"start":{"line":43,"column":0},"end":{"line":130,"column":1}},"locations":[{"start":{"line":43,"column":0},"end":{"line":130,"column":1}}]},"1":{"type":"branch","line":62,"loc":{"start":{"line":62,"column":26},"end":{"line":68,"column":8}},"locations":[{"start":{"line":62,"column":26},"end":{"line":68,"column":8}}]},"2":{"type":"branch","line":62,"loc":{"start":{"line":62,"column":39},"end":{"line":67,"column":20}},"locations":[{"start":{"line":62,"column":39},"end":{"line":67,"column":20}}]},"3":{"type":"branch","line":67,"loc":{"start":{"line":67,"column":19},"end":{"line":68,"column":8}},"locations":[{"start":{"line":67,"column":19},"end":{"line":68,"column":8}}]},"4":{"type":"branch","line":73,"loc":{"start":{"line":73,"column":24},"end":{"line":73,"column":56}},"locations":[{"start":{"line":73,"column":24},"end":{"line":73,"column":56}}]},"5":{"type":"branch","line":73,"loc":{"start":{"line":73,"column":35},"end":{"line":73,"column":58}},"locations":[{"start":{"line":73,"column":35},"end":{"line":73,"column":58}}]},"6":{"type":"branch","line":74,"loc":{"start":{"line":74,"column":22},"end":{"line":74,"column":45}},"locations":[{"start":{"line":74,"column":22},"end":{"line":74,"column":45}}]},"7":{"type":"branch","line":74,"loc":{"start":{"line":74,"column":36},"end":{"line":74,"column":69}},"locations":[{"start":{"line":74,"column":36},"end":{"line":74,"column":69}}]},"8":{"type":"branch","line":74,"loc":{"start":{"line":74,"column":45},"end":{"line":74,"column":71}},"locations":[{"start":{"line":74,"column":45},"end":{"line":74,"column":71}}]},"9":{"type":"branch","line":76,"loc":{"start":{"line":76,"column":22},"end":{"line":76,"column":36}},"locations":[{"start":{"line":76,"column":22},"end":{"line":76,"column":36}}]},"10":{"type":"branch","line":76,"loc":{"start":{"line":76,"column":28},"end":{"line":77,"column":85}},"locations":[{"start":{"line":76,"column":28},"end":{"line":77,"column":85}}]},"11":{"type":"branch","line":77,"loc":{"start":{"line":77,"column":30},"end":{"line":77,"column":38}},"locations":[{"start":{"line":77,"column":30},"end":{"line":77,"column":38}}]},"12":{"type":"branch","line":77,"loc":{"start":{"line":77,"column":74},"end":{"line":77,"column":82}},"locations":[{"start":{"line":77,"column":74},"end":{"line":77,"column":82}}]},"13":{"type":"branch","line":77,"loc":{"start":{"line":77,"column":82},"end":{"line":78,"column":8}},"locations":[{"start":{"line":77,"column":82},"end":{"line":78,"column":8}}]},"14":{"type":"branch","line":125,"loc":{"start":{"line":125,"column":7},"end":{"line":125,"column":32}},"locations":[{"start":{"line":125,"column":7},"end":{"line":125,"column":32}}]},"15":{"type":"branch","line":125,"loc":{"start":{"line":125,"column":21},"end":{"line":126,"column":64}},"locations":[{"start":{"line":125,"column":21},"end":{"line":126,"column":64}}]},"16":{"type":"branch","line":64,"loc":{"start":{"line":64,"column":11},"end":{"line":64,"column":33}},"locations":[{"start":{"line":64,"column":11},"end":{"line":64,"column":33}}]},"17":{"type":"branch","line":80,"loc":{"start":{"line":80,"column":24},"end":{"line":116,"column":3}},"locations":[{"start":{"line":80,"column":24},"end":{"line":116,"column":3}}]},"18":{"type":"branch","line":81,"loc":{"start":{"line":81,"column":13},"end":{"line":90,"column":5}},"locations":[{"start":{"line":81,"column":13},"end":{"line":90,"column":5}}]},"19":{"type":"branch","line":85,"loc":{"start":{"line":85,"column":15},"end":{"line":85,"column":30}},"locations":[{"start":{"line":85,"column":15},"end":{"line":85,"column":30}}]},"20":{"type":"branch","line":85,"loc":{"start":{"line":85,"column":22},"end":{"line":85,"column":39}},"locations":[{"start":{"line":85,"column":22},"end":{"line":85,"column":39}}]},"21":{"type":"branch","line":90,"loc":{"start":{"line":90,"column":4},"end":{"line":92,"column":25}},"locations":[{"start":{"line":90,"column":4},"end":{"line":92,"column":25}}]},"22":{"type":"branch","line":92,"loc":{"start":{"line":92,"column":25},"end":{"line":98,"column":5}},"locations":[{"start":{"line":92,"column":25},"end":{"line":98,"column":5}}]},"23":{"type":"branch","line":98,"loc":{"start":{"line":98,"column":4},"end":{"line":106,"column":5}},"locations":[{"start":{"line":98,"column":4},"end":{"line":106,"column":5}}]},"24":{"type":"branch","line":106,"loc":{"start":{"line":106,"column":4},"end":{"line":114,"column":13}},"locations":[{"start":{"line":106,"column":4},"end":{"line":114,"column":13}}]}},"b":{"0":[10],"1":[9],"2":[7],"3":[2],"4":[1],"5":[9],"6":[1],"7":[1],"8":[9],"9":[9],"10":[1],"11":[0],"12":[0],"13":[9],"14":[1],"15":[1],"16":[8],"17":[10],"18":[1],"19":[0],"20":[0],"21":[9],"22":[8],"23":[1],"24":[0]},"fnMap":{"0":{"name":"Avatar","decl":{"start":{"line":43,"column":0},"end":{"line":130,"column":1}},"loc":{"start":{"line":43,"column":0},"end":{"line":130,"column":1}},"line":43},"1":{"name":"renderContent","decl":{"start":{"line":80,"column":24},"end":{"line":116,"column":3}},"loc":{"start":{"line":80,"column":24},"end":{"line":116,"column":3}},"line":80}},"f":{"0":10,"1":10}}
,"/home/prachwal/nanolux/src/components/Badge/Badge.tsx": {"path":"/home/prachwal/nanolux/src/components/Badge/Badge.tsx","all":false,"statementMap":{"32":{"start":{"line":33,"column":0},"end":{"line":33,"column":31}},"33":{"start":{"line":34,"column":0},"end":{"line":34,"column":11}},"34":{"start":{"line":35,"column":0},"end":{"line":35,"column":22}},"35":{"start":{"line":36,"column":0},"end":{"line":36,"column":14}},"36":{"start":{"line":37,"column":0},"end":{"line":37,"column":18}},"37":{"start":{"line":38,"column":0},"end":{"line":38,"column":18}},"38":{"start":{"line":39,"column":0},"end":{"line":39,"column":5}},"39":{"start":{"line":40,"column":0},"end":{"line":40,"column":8}},"40":{"start":{"line":41,"column":0},"end":{"line":41,"column":14}},"41":{"start":{"line":42,"column":0},"end":{"line":42,"column":28}},"42":{"start":{"line":43,"column":0},"end":{"line":43,"column":24}},"43":{"start":{"line":44,"column":0},"end":{"line":44,"column":10}},"44":{"start":{"line":45,"column":0},"end":{"line":45,"column":16}},"45":{"start":{"line":46,"column":0},"end":{"line":46,"column":41}},"46":{"start":{"line":47,"column":0},"end":{"line":47,"column":82}},"47":{"start":{"line":48,"column":0},"end":{"line":48,"column":54}},"48":{"start":{"line":49,"column":0},"end":{"line":49,"column":47}},"50":{"start":{"line":51,"column":0},"end":{"line":51,"column":36}},"51":{"start":{"line":52,"column":0},"end":{"line":52,"column":83}},"52":{"start":{"line":53,"column":0},"end":{"line":53,"column":8}},"54":{"start":{"line":55,"column":0},"end":{"line":55,"column":17}},"55":{"start":{"line":56,"column":0},"end":{"line":56,"column":9}},"56":{"start":{"line":57,"column":0},"end":{"line":57,"column":82}},"57":{"start":{"line":58,"column":0},"end":{"line":58,"column":25}},"58":{"start":{"line":59,"column":0},"end":{"line":59,"column":16}},"60":{"start":{"line":61,"column":0},"end":{"line":61,"column":16}},"61":{"start":{"line":62,"column":0},"end":{"line":62,"column":15}},"62":{"start":{"line":63,"column":0},"end":{"line":63,"column":61}},"64":{"start":{"line":65,"column":0},"end":{"line":65,"column":11}},"67":{"start":{"line":68,"column":0},"end":{"line":68,"column":14}},"68":{"start":{"line":69,"column":0},"end":{"line":69,"column":1}}},"s":{"32":7,"33":7,"34":7,"35":7,"36":7,"37":7,"38":7,"39":7,"40":7,"41":7,"42":7,"43":7,"44":7,"45":7,"46":7,"47":7,"48":7,"50":7,"51":1,"52":6,"54":7,"55":7,"56":7,"57":7,"58":7,"60":7,"61":7,"62":1,"64":7,"67":7,"68":7},"branchMap":{"0":{"type":"branch","line":33,"loc":{"start":{"line":33,"column":0},"end":{"line":69,"column":1}},"locations":[{"start":{"line":33,"column":0},"end":{"line":69,"column":1}}]},"1":{"type":"branch","line":47,"loc":{"start":{"line":47,"column":23},"end":{"line":47,"column":63}},"locations":[{"start":{"line":47,"column":23},"end":{"line":47,"column":63}}]},"2":{"type":"branch","line":47,"loc":{"start":{"line":47,"column":58},"end":{"line":47,"column":82}},"locations":[{"start":{"line":47,"column":58},"end":{"line":47,"column":82}}]},"3":{"type":"branch","line":48,"loc":{"start":{"line":48,"column":23},"end":{"line":48,"column":52}},"locations":[{"start":{"line":48,"column":23},"end":{"line":48,"column":52}}]},"4":{"type":"branch","line":48,"loc":{"start":{"line":48,"column":33},"end":{"line":48,"column":54}},"locations":[{"start":{"line":48,"column":33},"end":{"line":48,"column":54}}]},"5":{"type":"branch","line":49,"loc":{"start":{"line":49,"column":19},"end":{"line":49,"column":45}},"locations":[{"start":{"line":49,"column":19},"end":{"line":49,"column":45}}]},"6":{"type":"branch","line":49,"loc":{"start":{"line":49,"column":25},"end":{"line":49,"column":47}},"locations":[{"start":{"line":49,"column":25},"end":{"line":49,"column":47}}]},"7":{"type":"branch","line":51,"loc":{"start":{"line":51,"column":22},"end":{"line":51,"column":36}},"locations":[{"start":{"line":51,"column":22},"end":{"line":51,"column":36}}]},"8":{"type":"branch","line":51,"loc":{"start":{"line":51,"column":28},"end":{"line":52,"column":83}},"locations":[{"start":{"line":51,"column":28},"end":{"line":52,"column":83}}]},"9":{"type":"branch","line":52,"loc":{"start":{"line":52,"column":29},"end":{"line":52,"column":37}},"locations":[{"start":{"line":52,"column":29},"end":{"line":52,"column":37}}]},"10":{"type":"branch","line":52,"loc":{"start":{"line":52,"column":72},"end":{"line":52,"column":80}},"locations":[{"start":{"line":52,"column":72},"end":{"line":52,"column":80}}]},"11":{"type":"branch","line":52,"loc":{"start":{"line":52,"column":80},"end":{"line":53,"column":8}},"locations":[{"start":{"line":52,"column":80},"end":{"line":53,"column":8}}]},"12":{"type":"branch","line":62,"loc":{"start":{"line":62,"column":7},"end":{"line":63,"column":61}},"locations":[{"start":{"line":62,"column":7},"end":{"line":63,"column":61}}]}},"b":{"0":[7],"1":[1],"2":[6],"3":[1],"4":[6],"5":[1],"6":[6],"7":[6],"8":[1],"9":[0],"10":[0],"11":[6],"12":[1]},"fnMap":{"0":{"name":"Badge","decl":{"start":{"line":33,"column":0},"end":{"line":69,"column":1}},"loc":{"start":{"line":33,"column":0},"end":{"line":69,"column":1}},"line":33}},"f":{"0":7}}
,"/home/prachwal/nanolux/src/components/Button/Button.examples.tsx": {"path":"/home/prachwal/nanolux/src/components/Button/Button.examples.tsx","all":false,"statementMap":{"1":{"start":{"line":2,"column":0},"end":{"line":2,"column":29}},"4":{"start":{"line":5,"column":0},"end":{"line":5,"column":31}},"5":{"start":{"line":6,"column":0},"end":{"line":6,"column":12}},"6":{"start":{"line":7,"column":0},"end":{"line":7,"column":32}},"7":{"start":{"line":8,"column":0},"end":{"line":8,"column":30}},"8":{"start":{"line":9,"column":0},"end":{"line":9,"column":4}},"10":{"start":{"line":11,"column":0},"end":{"line":11,"column":14}},"11":{"start":{"line":12,"column":0},"end":{"line":12,"column":34}},"12":{"start":{"line":13,"column":0},"end":{"line":13,"column":32}},"13":{"start":{"line":14,"column":0},"end":{"line":14,"column":4}},"15":{"start":{"line":16,"column":0},"end":{"line":16,"column":11}},"16":{"start":{"line":17,"column":0},"end":{"line":17,"column":31}},"17":{"start":{"line":18,"column":0},"end":{"line":18,"column":29}},"18":{"start":{"line":19,"column":0},"end":{"line":19,"column":4}},"20":{"start":{"line":21,"column":0},"end":{"line":21,"column":10}},"21":{"start":{"line":22,"column":0},"end":{"line":22,"column":32}},"22":{"start":{"line":23,"column":0},"end":{"line":23,"column":24}},"23":{"start":{"line":24,"column":0},"end":{"line":24,"column":21}},"24":{"start":{"line":25,"column":0},"end":{"line":25,"column":4}},"26":{"start":{"line":27,"column":0},"end":{"line":27,"column":10}},"27":{"start":{"line":28,"column":0},"end":{"line":28,"column":32}},"28":{"start":{"line":29,"column":0},"end":{"line":29,"column":24}},"29":{"start":{"line":30,"column":0},"end":{"line":30,"column":21}},"30":{"start":{"line":31,"column":0},"end":{"line":31,"column":4}},"32":{"start":{"line":33,"column":0},"end":{"line":33,"column":14}},"33":{"start":{"line":34,"column":0},"end":{"line":34,"column":18}},"34":{"start":{"line":35,"column":0},"end":{"line":35,"column":19}},"35":{"start":{"line":36,"column":0},"end":{"line":36,"column":26}},"36":{"start":{"line":37,"column":0},"end":{"line":37,"column":4}},"38":{"start":{"line":39,"column":0},"end":{"line":39,"column":15}},"39":{"start":{"line":40,"column":0},"end":{"line":40,"column":18}},"40":{"start":{"line":41,"column":0},"end":{"line":41,"column":19}},"41":{"start":{"line":42,"column":0},"end":{"line":42,"column":27}},"42":{"start":{"line":43,"column":0},"end":{"line":43,"column":3}},"43":{"start":{"line":44,"column":0},"end":{"line":44,"column":1}},"48":{"start":{"line":49,"column":0},"end":{"line":49,"column":39}},"49":{"start":{"line":50,"column":0},"end":{"line":50,"column":10}},"50":{"start":{"line":51,"column":0},"end":{"line":51,"column":56}},"51":{"start":{"line":52,"column":0},"end":{"line":52,"column":56}},"52":{"start":{"line":53,"column":0},"end":{"line":53,"column":57}},"53":{"start":{"line":54,"column":0},"end":{"line":54,"column":56}},"54":{"start":{"line":55,"column":0},"end":{"line":55,"column":10}},"56":{"start":{"line":57,"column":0},"end":{"line":57,"column":1}},"61":{"start":{"line":62,"column":0},"end":{"line":62,"column":42}},"62":{"start":{"line":63,"column":0},"end":{"line":63,"column":10}},"63":{"start":{"line":64,"column":0},"end":{"line":64,"column":56}},"64":{"start":{"line":65,"column":0},"end":{"line":65,"column":48}},"65":{"start":{"line":66,"column":0},"end":{"line":66,"column":52}},"66":{"start":{"line":67,"column":0},"end":{"line":67,"column":46}},"67":{"start":{"line":68,"column":0},"end":{"line":68,"column":10}},"69":{"start":{"line":70,"column":0},"end":{"line":70,"column":1}},"74":{"start":{"line":75,"column":0},"end":{"line":75,"column":46}},"75":{"start":{"line":76,"column":0},"end":{"line":76,"column":10}},"76":{"start":{"line":77,"column":0},"end":{"line":77,"column":56}},"77":{"start":{"line":78,"column":0},"end":{"line":78,"column":60}},"78":{"start":{"line":79,"column":0},"end":{"line":79,"column":61}},"79":{"start":{"line":80,"column":0},"end":{"line":80,"column":61}},"80":{"start":{"line":81,"column":0},"end":{"line":81,"column":10}},"82":{"start":{"line":83,"column":0},"end":{"line":83,"column":1}}},"s":{"1":1,"4":1,"5":1,"6":1,"7":1,"8":1,"10":1,"11":1,"12":1,"13":1,"15":1,"16":1,"17":1,"18":1,"20":1,"21":1,"22":1,"23":1,"24":1,"26":1,"27":1,"28":1,"29":1,"30":1,"32":1,"33":1,"34":1,"35":1,"36":1,"38":1,"39":1,"40":1,"41":1,"42":1,"43":1,"48":1,"49":3,"50":3,"51":3,"52":3,"53":3,"54":3,"56":3,"61":1,"62":3,"63":3,"64":3,"65":3,"66":3,"67":3,"69":3,"74":1,"75":3,"76":3,"77":3,"78":3,"79":3,"80":3,"82":3},"branchMap":{"0":{"type":"branch","line":49,"loc":{"start":{"line":49,"column":7},"end":{"line":57,"column":1}},"locations":[{"start":{"line":49,"column":7},"end":{"line":57,"column":1}}]},"1":{"type":"branch","line":62,"loc":{"start":{"line":62,"column":7},"end":{"line":70,"column":1}},"locations":[{"start":{"line":62,"column":7},"end":{"line":70,"column":1}}]},"2":{"type":"branch","line":75,"loc":{"start":{"line":75,"column":7},"end":{"line":83,"column":1}},"locations":[{"start":{"line":75,"column":7},"end":{"line":83,"column":1}}]}},"b":{"0":[3],"1":[3],"2":[3]},"fnMap":{"0":{"name":"ButtonSizesShowcase","decl":{"start":{"line":49,"column":7},"end":{"line":57,"column":1}},"loc":{"start":{"line":49,"column":7},"end":{"line":57,"column":1}},"line":49},"1":{"name":"ButtonVariantsShowcase","decl":{"start":{"line":62,"column":7},"end":{"line":70,"column":1}},"loc":{"start":{"line":62,"column":7},"end":{"line":70,"column":1}},"line":62},"2":{"name":"ButtonCustomColorsShowcase","decl":{"start":{"line":75,"column":7},"end":{"line":83,"column":1}},"loc":{"start":{"line":75,"column":7},"end":{"line":83,"column":1}},"line":75}},"f":{"0":3,"1":3,"2":3}}
,"/home/prachwal/nanolux/src/components/Button/Button.tsx": {"path":"/home/prachwal/nanolux/src/components/Button/Button.tsx","all":false,"statementMap":{"1":{"start":{"line":2,"column":0},"end":{"line":2,"column":21}},"32":{"start":{"line":33,"column":0},"end":{"line":33,"column":33}},"33":{"start":{"line":34,"column":0},"end":{"line":34,"column":11}},"34":{"start":{"line":35,"column":0},"end":{"line":35,"column":15}},"35":{"start":{"line":36,"column":0},"end":{"line":36,"column":6}},"36":{"start":{"line":37,"column":0},"end":{"line":37,"column":9}},"37":{"start":{"line":38,"column":0},"end":{"line":38,"column":11}},"38":{"start":{"line":39,"column":0},"end":{"line":39,"column":10}},"39":{"start":{"line":40,"column":0},"end":{"line":40,"column":7}},"40":{"start":{"line":41,"column":0},"end":{"line":41,"column":11}},"41":{"start":{"line":42,"column":0},"end":{"line":42,"column":10}},"42":{"start":{"line":43,"column":0},"end":{"line":43,"column":11}},"43":{"start":{"line":44,"column":0},"end":{"line":44,"column":17}},"44":{"start":{"line":45,"column":0},"end":{"line":45,"column":37}},"45":{"start":{"line":46,"column":0},"end":{"line":46,"column":55}},"46":{"start":{"line":47,"column":0},"end":{"line":47,"column":52}},"49":{"start":{"line":50,"column":0},"end":{"line":50,"column":35}},"50":{"start":{"line":51,"column":0},"end":{"line":51,"column":46}},"51":{"start":{"line":52,"column":0},"end":{"line":52,"column":55}},"52":{"start":{"line":53,"column":0},"end":{"line":53,"column":83}},"55":{"start":{"line":56,"column":0},"end":{"line":56,"column":42}},"56":{"start":{"line":57,"column":0},"end":{"line":57,"column":30}},"57":{"start":{"line":58,"column":0},"end":{"line":58,"column":24}},"58":{"start":{"line":59,"column":0},"end":{"line":59,"column":25}},"59":{"start":{"line":60,"column":0},"end":{"line":60,"column":12}},"60":{"start":{"line":61,"column":0},"end":{"line":61,"column":5}},"61":{"start":{"line":62,"column":0},"end":{"line":62,"column":18}},"62":{"start":{"line":63,"column":0},"end":{"line":63,"column":16}},"63":{"start":{"line":64,"column":0},"end":{"line":64,"column":5}},"64":{"start":{"line":65,"column":0},"end":{"line":65,"column":3}},"66":{"start":{"line":67,"column":0},"end":{"line":67,"column":10}},"67":{"start":{"line":68,"column":0},"end":{"line":68,"column":12}},"68":{"start":{"line":69,"column":0},"end":{"line":69,"column":54}},"70":{"start":{"line":71,"column":0},"end":{"line":71,"column":25}},"71":{"start":{"line":72,"column":0},"end":{"line":72,"column":36}},"72":{"start":{"line":73,"column":0},"end":{"line":73,"column":27}},"73":{"start":{"line":74,"column":0},"end":{"line":74,"column":16}},"75":{"start":{"line":76,"column":0},"end":{"line":76,"column":53}},"76":{"start":{"line":77,"column":0},"end":{"line":77,"column":52}},"78":{"start":{"line":79,"column":0},"end":{"line":79,"column":49}},"79":{"start":{"line":80,"column":0},"end":{"line":80,"column":13}},"81":{"start":{"line":82,"column":0},"end":{"line":82,"column":1}}},"s":{"1":1,"32":483,"33":483,"34":483,"35":483,"36":483,"37":483,"38":483,"39":483,"40":483,"41":483,"42":483,"43":483,"44":483,"45":483,"46":483,"49":483,"50":483,"51":483,"52":483,"55":483,"56":30,"57":1,"58":1,"59":1,"60":1,"61":29,"62":29,"63":29,"64":30,"66":483,"67":483,"68":483,"70":483,"71":483,"72":483,"73":483,"75":483,"76":483,"78":483,"79":483,"81":483},"branchMap":{"0":{"type":"branch","line":33,"loc":{"start":{"line":33,"column":0},"end":{"line":82,"column":1}},"locations":[{"start":{"line":33,"column":0},"end":{"line":82,"column":1}}]},"1":{"type":"branch","line":46,"loc":{"start":{"line":46,"column":23},"end":{"line":46,"column":53}},"locations":[{"start":{"line":46,"column":23},"end":{"line":46,"column":53}}]},"2":{"type":"branch","line":46,"loc":{"start":{"line":46,"column":48},"end":{"line":46,"column":55}},"locations":[{"start":{"line":46,"column":48},"end":{"line":46,"column":55}}]},"3":{"type":"branch","line":47,"loc":{"start":{"line":47,"column":23},"end":{"line":47,"column":50}},"locations":[{"start":{"line":47,"column":23},"end":{"line":47,"column":50}}]},"4":{"type":"branch","line":51,"loc":{"start":{"line":51,"column":10},"end":{"line":51,"column":46}},"locations":[{"start":{"line":51,"column":10},"end":{"line":51,"column":46}}]},"5":{"type":"branch","line":52,"loc":{"start":{"line":52,"column":13},"end":{"line":52,"column":55}},"locations":[{"start":{"line":52,"column":13},"end":{"line":52,"column":55}}]},"6":{"type":"branch","line":53,"loc":{"start":{"line":53,"column":44},"end":{"line":53,"column":74}},"locations":[{"start":{"line":53,"column":44},"end":{"line":53,"column":74}}]},"7":{"type":"branch","line":53,"loc":{"start":{"line":53,"column":70},"end":{"line":53,"column":83}},"locations":[{"start":{"line":53,"column":70},"end":{"line":53,"column":83}}]},"8":{"type":"branch","line":72,"loc":{"start":{"line":72,"column":16},"end":{"line":72,"column":36}},"locations":[{"start":{"line":72,"column":16},"end":{"line":72,"column":36}}]},"9":{"type":"branch","line":76,"loc":{"start":{"line":76,"column":7},"end":{"line":76,"column":53}},"locations":[{"start":{"line":76,"column":7},"end":{"line":76,"column":53}}]},"10":{"type":"branch","line":77,"loc":{"start":{"line":77,"column":7},"end":{"line":77,"column":52}},"locations":[{"start":{"line":77,"column":7},"end":{"line":77,"column":52}}]},"11":{"type":"branch","line":56,"loc":{"start":{"line":56,"column":22},"end":{"line":65,"column":3}},"locations":[{"start":{"line":56,"column":22},"end":{"line":65,"column":3}}]},"12":{"type":"branch","line":57,"loc":{"start":{"line":57,"column":8},"end":{"line":57,"column":29}},"locations":[{"start":{"line":57,"column":8},"end":{"line":57,"column":29}}]},"13":{"type":"branch","line":57,"loc":{"start":{"line":57,"column":29},"end":{"line":64,"column":5}},"locations":[{"start":{"line":57,"column":29},"end":{"line":64,"column":5}}]},"14":{"type":"branch","line":57,"loc":{"start":{"line":57,"column":29},"end":{"line":61,"column":5}},"locations":[{"start":{"line":57,"column":29},"end":{"line":61,"column":5}}]}},"b":{"0":[483],"1":[270],"2":[213],"3":[0],"4":[107],"5":[106],"6":[107],"7":[376],"8":[481],"9":[0],"10":[0],"11":[30],"12":[29],"13":[29],"14":[1]},"fnMap":{"0":{"name":"Button","decl":{"start":{"line":33,"column":0},"end":{"line":82,"column":1}},"loc":{"start":{"line":33,"column":0},"end":{"line":82,"column":1}},"line":33},"1":{"name":"handleClick","decl":{"start":{"line":56,"column":22},"end":{"line":65,"column":3}},"loc":{"start":{"line":56,"column":22},"end":{"line":65,"column":3}},"line":56}},"f":{"0":483,"1":30}}
,"/home/prachwal/nanolux/src/components/Card/Card.tsx": {"path":"/home/prachwal/nanolux/src/components/Card/Card.tsx","all":false,"statementMap":{"1":{"start":{"line":2,"column":0},"end":{"line":2,"column":19}},"24":{"start":{"line":25,"column":0},"end":{"line":25,"column":31}},"25":{"start":{"line":26,"column":0},"end":{"line":26,"column":22}},"26":{"start":{"line":27,"column":0},"end":{"line":27,"column":17}},"27":{"start":{"line":28,"column":0},"end":{"line":28,"column":5}},"28":{"start":{"line":29,"column":0},"end":{"line":29,"column":14}},"29":{"start":{"line":30,"column":0},"end":{"line":30,"column":11}},"30":{"start":{"line":31,"column":0},"end":{"line":31,"column":17}},"31":{"start":{"line":32,"column":0},"end":{"line":32,"column":11}},"32":{"start":{"line":33,"column":0},"end":{"line":33,"column":15}},"33":{"start":{"line":34,"column":0},"end":{"line":34,"column":58}},"34":{"start":{"line":35,"column":0},"end":{"line":35,"column":71}},"37":{"start":{"line":38,"column":0},"end":{"line":38,"column":35}},"38":{"start":{"line":39,"column":0},"end":{"line":39,"column":47}},"39":{"start":{"line":40,"column":0},"end":{"line":40,"column":75}},"40":{"start":{"line":41,"column":0},"end":{"line":41,"column":83}},"42":{"start":{"line":43,"column":0},"end":{"line":43,"column":10}},"43":{"start":{"line":44,"column":0},"end":{"line":44,"column":9}},"44":{"start":{"line":45,"column":0},"end":{"line":45,"column":24}},"46":{"start":{"line":47,"column":0},"end":{"line":47,"column":25}},"47":{"start":{"line":48,"column":0},"end":{"line":48,"column":16}},"50":{"start":{"line":51,"column":0},"end":{"line":51,"column":16}},"51":{"start":{"line":52,"column":0},"end":{"line":52,"column":10}},"53":{"start":{"line":54,"column":0},"end":{"line":54,"column":1}}},"s":{"1":1,"24":37,"25":37,"26":37,"27":37,"28":37,"29":37,"30":37,"31":37,"32":37,"33":37,"34":37,"37":37,"38":37,"39":37,"40":37,"42":37,"43":37,"44":37,"46":37,"47":37,"50":37,"51":37,"53":37},"branchMap":{"0":{"type":"branch","line":25,"loc":{"start":{"line":25,"column":0},"end":{"line":54,"column":1}},"locations":[{"start":{"line":25,"column":0},"end":{"line":54,"column":1}}]},"1":{"type":"branch","line":35,"loc":{"start":{"line":35,"column":20},"end":{"line":35,"column":62}},"locations":[{"start":{"line":35,"column":20},"end":{"line":35,"column":62}}]},"2":{"type":"branch","line":35,"loc":{"start":{"line":35,"column":57},"end":{"line":35,"column":71}},"locations":[{"start":{"line":35,"column":57},"end":{"line":35,"column":71}}]},"3":{"type":"branch","line":39,"loc":{"start":{"line":39,"column":10},"end":{"line":39,"column":47}},"locations":[{"start":{"line":39,"column":10},"end":{"line":39,"column":47}}]},"4":{"type":"branch","line":40,"loc":{"start":{"line":40,"column":19},"end":{"line":40,"column":75}},"locations":[{"start":{"line":40,"column":19},"end":{"line":40,"column":75}}]},"5":{"type":"branch","line":41,"loc":{"start":{"line":41,"column":44},"end":{"line":41,"column":74}},"locations":[{"start":{"line":41,"column":44},"end":{"line":41,"column":74}}]},"6":{"type":"branch","line":41,"loc":{"start":{"line":41,"column":70},"end":{"line":41,"column":83}},"locations":[{"start":{"line":41,"column":70},"end":{"line":41,"column":83}}]}},"b":{"0":[37],"1":[13],"2":[24],"3":[2],"4":[2],"5":[3],"6":[34]},"fnMap":{"0":{"name":"Card","decl":{"start":{"line":25,"column":0},"end":{"line":54,"column":1}},"loc":{"start":{"line":25,"column":0},"end":{"line":54,"column":1}},"line":25}},"f":{"0":37}}
,"/home/prachwal/nanolux/src/components/Checkbox/Checkbox.tsx": {"path":"/home/prachwal/nanolux/src/components/Checkbox/Checkbox.tsx","all":false,"statementMap":{"1":{"start":{"line":2,"column":0},"end":{"line":2,"column":57}},"51":{"start":{"line":52,"column":0},"end":{"line":52,"column":35}},"52":{"start":{"line":53,"column":0},"end":{"line":53,"column":18}},"53":{"start":{"line":54,"column":0},"end":{"line":54,"column":24}},"54":{"start":{"line":55,"column":0},"end":{"line":55,"column":8}},"55":{"start":{"line":56,"column":0},"end":{"line":56,"column":15}},"56":{"start":{"line":57,"column":0},"end":{"line":57,"column":19}},"57":{"start":{"line":58,"column":0},"end":{"line":58,"column":16}},"58":{"start":{"line":59,"column":0},"end":{"line":59,"column":11}},"59":{"start":{"line":60,"column":0},"end":{"line":60,"column":5}},"60":{"start":{"line":61,"column":0},"end":{"line":61,"column":7}},"61":{"start":{"line":62,"column":0},"end":{"line":62,"column":8}},"62":{"start":{"line":63,"column":0},"end":{"line":63,"column":26}},"63":{"start":{"line":64,"column":0},"end":{"line":64,"column":38}},"64":{"start":{"line":65,"column":0},"end":{"line":65,"column":11}},"65":{"start":{"line":66,"column":0},"end":{"line":66,"column":19}},"66":{"start":{"line":67,"column":0},"end":{"line":67,"column":49}},"69":{"start":{"line":70,"column":0},"end":{"line":70,"column":32}},"70":{"start":{"line":71,"column":0},"end":{"line":71,"column":65}},"71":{"start":{"line":72,"column":0},"end":{"line":72,"column":8}},"72":{"start":{"line":73,"column":0},"end":{"line":73,"column":3}},"75":{"start":{"line":76,"column":0},"end":{"line":76,"column":19}},"76":{"start":{"line":77,"column":0},"end":{"line":77,"column":27}},"77":{"start":{"line":78,"column":0},"end":{"line":78,"column":52}},"78":{"start":{"line":79,"column":0},"end":{"line":79,"column":5}},"79":{"start":{"line":80,"column":0},"end":{"line":80,"column":21}},"81":{"start":{"line":82,"column":0},"end":{"line":82,"column":72}},"82":{"start":{"line":83,"column":0},"end":{"line":83,"column":32}},"83":{"start":{"line":84,"column":0},"end":{"line":84,"column":67}},"84":{"start":{"line":85,"column":0},"end":{"line":85,"column":26}},"85":{"start":{"line":86,"column":0},"end":{"line":86,"column":5}},"86":{"start":{"line":87,"column":0},"end":{"line":87,"column":3}},"88":{"start":{"line":89,"column":0},"end":{"line":89,"column":30}},"89":{"start":{"line":90,"column":0},"end":{"line":90,"column":39}},"90":{"start":{"line":91,"column":0},"end":{"line":91,"column":51}},"91":{"start":{"line":92,"column":0},"end":{"line":92,"column":60}},"93":{"start":{"line":94,"column":0},"end":{"line":94,"column":10}},"94":{"start":{"line":95,"column":0},"end":{"line":95,"column":9}},"95":{"start":{"line":96,"column":0},"end":{"line":96,"column":69}},"96":{"start":{"line":97,"column":0},"end":{"line":97,"column":16}},"98":{"start":{"line":99,"column":0},"end":{"line":99,"column":38}},"99":{"start":{"line":100,"column":0},"end":{"line":100,"column":14}},"100":{"start":{"line":101,"column":0},"end":{"line":101,"column":24}},"101":{"start":{"line":102,"column":0},"end":{"line":102,"column":25}},"102":{"start":{"line":103,"column":0},"end":{"line":103,"column":22}},"103":{"start":{"line":104,"column":0},"end":{"line":104,"column":21}},"104":{"start":{"line":105,"column":0},"end":{"line":105,"column":23}},"105":{"start":{"line":106,"column":0},"end":{"line":106,"column":27}},"106":{"start":{"line":107,"column":0},"end":{"line":107,"column":33}},"107":{"start":{"line":108,"column":0},"end":{"line":108,"column":29}},"108":{"start":{"line":109,"column":0},"end":{"line":109,"column":32}},"109":{"start":{"line":110,"column":0},"end":{"line":110,"column":32}},"110":{"start":{"line":111,"column":0},"end":{"line":111,"column":44}},"111":{"start":{"line":112,"column":0},"end":{"line":112,"column":10}},"112":{"start":{"line":113,"column":0},"end":{"line":113,"column":37}},"113":{"start":{"line":114,"column":0},"end":{"line":114,"column":28}},"114":{"start":{"line":115,"column":0},"end":{"line":115,"column":76}},"115":{"start":{"line":116,"column":0},"end":{"line":116,"column":25}},"116":{"start":{"line":117,"column":0},"end":{"line":117,"column":68}},"117":{"start":{"line":118,"column":0},"end":{"line":118,"column":19}},"118":{"start":{"line":119,"column":0},"end":{"line":119,"column":14}},"119":{"start":{"line":120,"column":0},"end":{"line":120,"column":12}},"121":{"start":{"line":122,"column":0},"end":{"line":122,"column":17}},"122":{"start":{"line":123,"column":0},"end":{"line":123,"column":15}},"123":{"start":{"line":124,"column":0},"end":{"line":124,"column":28}},"124":{"start":{"line":125,"column":0},"end":{"line":125,"column":32}},"126":{"start":{"line":127,"column":0},"end":{"line":127,"column":17}},"127":{"start":{"line":128,"column":0},"end":{"line":128,"column":16}},"129":{"start":{"line":130,"column":0},"end":{"line":130,"column":10}},"131":{"start":{"line":132,"column":0},"end":{"line":132,"column":1}}},"s":{"1":1,"51":14,"52":14,"53":14,"54":14,"55":14,"56":14,"57":14,"58":14,"59":14,"60":14,"61":14,"62":14,"63":14,"64":14,"65":14,"66":14,"69":14,"70":14,"71":14,"72":14,"75":14,"76":14,"77":14,"78":14,"79":14,"81":14,"82":3,"83":3,"84":3,"85":3,"86":3,"88":14,"89":14,"90":14,"91":14,"93":14,"94":14,"95":14,"96":14,"98":14,"99":14,"100":14,"101":14,"102":14,"103":14,"104":14,"105":14,"106":14,"107":14,"108":14,"109":14,"110":14,"111":14,"112":14,"113":14,"114":1,"115":13,"116":1,"117":12,"118":14,"119":14,"121":14,"122":13,"123":13,"124":13,"126":13,"127":13,"129":14,"131":14},"branchMap":{"0":{"type":"branch","line":52,"loc":{"start":{"line":52,"column":0},"end":{"line":132,"column":1}},"locations":[{"start":{"line":52,"column":0},"end":{"line":132,"column":1}}]},"1":{"type":"branch","line":91,"loc":{"start":{"line":91,"column":21},"end":{"line":91,"column":49}},"locations":[{"start":{"line":91,"column":21},"end":{"line":91,"column":49}}]},"2":{"type":"branch","line":91,"loc":{"start":{"line":91,"column":29},"end":{"line":91,"column":51}},"locations":[{"start":{"line":91,"column":29},"end":{"line":91,"column":51}}]},"3":{"type":"branch","line":92,"loc":{"start":{"line":92,"column":24},"end":{"line":92,"column":58}},"locations":[{"start":{"line":92,"column":24},"end":{"line":92,"column":58}}]},"4":{"type":"branch","line":92,"loc":{"start":{"line":92,"column":35},"end":{"line":92,"column":60}},"locations":[{"start":{"line":92,"column":35},"end":{"line":92,"column":60}}]},"5":{"type":"branch","line":114,"loc":{"start":{"line":114,"column":11},"end":{"line":115,"column":76}},"locations":[{"start":{"line":114,"column":11},"end":{"line":115,"column":76}}]},"6":{"type":"branch","line":115,"loc":{"start":{"line":115,"column":69},"end":{"line":118,"column":19}},"locations":[{"start":{"line":115,"column":69},"end":{"line":118,"column":19}}]},"7":{"type":"branch","line":116,"loc":{"start":{"line":116,"column":14},"end":{"line":117,"column":68}},"locations":[{"start":{"line":116,"column":14},"end":{"line":117,"column":68}}]},"8":{"type":"branch","line":117,"loc":{"start":{"line":117,"column":61},"end":{"line":118,"column":19}},"locations":[{"start":{"line":117,"column":61},"end":{"line":118,"column":19}}]},"9":{"type":"branch","line":122,"loc":{"start":{"line":122,"column":7},"end":{"line":128,"column":16}},"locations":[{"start":{"line":122,"column":7},"end":{"line":128,"column":16}}]},"10":{"type":"branch","line":70,"loc":{"start":{"line":70,"column":26},"end":{"line":71,"column":65}},"locations":[{"start":{"line":70,"column":26},"end":{"line":71,"column":65}}]},"11":{"type":"branch","line":71,"loc":{"start":{"line":71,"column":4},"end":{"line":71,"column":65}},"locations":[{"start":{"line":71,"column":4},"end":{"line":71,"column":65}}]},"12":{"type":"branch","line":76,"loc":{"start":{"line":76,"column":12},"end":{"line":80,"column":5}},"locations":[{"start":{"line":76,"column":12},"end":{"line":80,"column":5}}]},"13":{"type":"branch","line":82,"loc":{"start":{"line":82,"column":23},"end":{"line":87,"column":3}},"locations":[{"start":{"line":82,"column":23},"end":{"line":87,"column":3}}]}},"b":{"0":[14],"1":[1],"2":[13],"3":[2],"4":[12],"5":[1],"6":[13],"7":[1],"8":[12],"9":[13],"10":[14],"11":[12],"12":[14],"13":[3]},"fnMap":{"0":{"name":"Checkbox","decl":{"start":{"line":52,"column":0},"end":{"line":132,"column":1}},"loc":{"start":{"line":52,"column":0},"end":{"line":132,"column":1}},"line":52},"1":{"name":"handleChange","decl":{"start":{"line":82,"column":23},"end":{"line":87,"column":3}},"loc":{"start":{"line":82,"column":23},"end":{"line":87,"column":3}},"line":82}},"f":{"0":14,"1":3}}
,"/home/prachwal/nanolux/src/components/Flex/Flex.tsx": {"path":"/home/prachwal/nanolux/src/components/Flex/Flex.tsx","all":false,"statementMap":{"27":{"start":{"line":28,"column":0},"end":{"line":28,"column":31}},"28":{"start":{"line":29,"column":0},"end":{"line":29,"column":20}},"29":{"start":{"line":30,"column":0},"end":{"line":30,"column":18}},"30":{"start":{"line":31,"column":0},"end":{"line":31,"column":20}},"31":{"start":{"line":32,"column":0},"end":{"line":32,"column":10}},"32":{"start":{"line":33,"column":0},"end":{"line":33,"column":15}},"33":{"start":{"line":34,"column":0},"end":{"line":34,"column":11}},"34":{"start":{"line":35,"column":0},"end":{"line":35,"column":17}},"35":{"start":{"line":36,"column":0},"end":{"line":36,"column":11}},"36":{"start":{"line":37,"column":0},"end":{"line":37,"column":15}},"37":{"start":{"line":38,"column":0},"end":{"line":38,"column":73}},"38":{"start":{"line":39,"column":0},"end":{"line":39,"column":37}},"39":{"start":{"line":40,"column":0},"end":{"line":40,"column":43}},"40":{"start":{"line":41,"column":0},"end":{"line":41,"column":31}},"41":{"start":{"line":42,"column":0},"end":{"line":42,"column":43}},"43":{"start":{"line":44,"column":0},"end":{"line":44,"column":19}},"44":{"start":{"line":45,"column":0},"end":{"line":45,"column":11}},"45":{"start":{"line":46,"column":0},"end":{"line":46,"column":19}},"46":{"start":{"line":47,"column":0},"end":{"line":47,"column":15}},"47":{"start":{"line":48,"column":0},"end":{"line":48,"column":17}},"48":{"start":{"line":49,"column":0},"end":{"line":49,"column":13}},"49":{"start":{"line":50,"column":0},"end":{"line":50,"column":14}},"50":{"start":{"line":51,"column":0},"end":{"line":51,"column":13}},"51":{"start":{"line":52,"column":0},"end":{"line":52,"column":29}},"53":{"start":{"line":54,"column":0},"end":{"line":54,"column":10}},"54":{"start":{"line":55,"column":0},"end":{"line":55,"column":36}},"55":{"start":{"line":56,"column":0},"end":{"line":56,"column":16}},"56":{"start":{"line":57,"column":0},"end":{"line":57,"column":10}},"58":{"start":{"line":59,"column":0},"end":{"line":59,"column":1}}},"s":{"27":8,"28":8,"29":8,"30":8,"31":8,"32":8,"33":8,"34":8,"35":8,"36":8,"37":8,"38":8,"39":8,"40":8,"41":8,"43":8,"44":8,"45":8,"46":8,"47":8,"48":8,"49":8,"50":8,"51":8,"53":8,"54":8,"55":8,"56":8,"58":8},"branchMap":{"0":{"type":"branch","line":28,"loc":{"start":{"line":28,"column":0},"end":{"line":59,"column":1}},"locations":[{"start":{"line":28,"column":0},"end":{"line":59,"column":1}}]},"1":{"type":"branch","line":38,"loc":{"start":{"line":38,"column":39},"end":{"line":38,"column":63}},"locations":[{"start":{"line":38,"column":39},"end":{"line":38,"column":63}}]},"2":{"type":"branch","line":38,"loc":{"start":{"line":38,"column":50},"end":{"line":38,"column":73}},"locations":[{"start":{"line":38,"column":50},"end":{"line":38,"column":73}}]},"3":{"type":"branch","line":42,"loc":{"start":{"line":42,"column":20},"end":{"line":42,"column":41}},"locations":[{"start":{"line":42,"column":20},"end":{"line":42,"column":41}}]},"4":{"type":"branch","line":42,"loc":{"start":{"line":42,"column":27},"end":{"line":42,"column":43}},"locations":[{"start":{"line":42,"column":27},"end":{"line":42,"column":43}}]}},"b":{"0":[8],"1":[1],"2":[7],"3":[1],"4":[7]},"fnMap":{"0":{"name":"Flex","decl":{"start":{"line":28,"column":0},"end":{"line":59,"column":1}},"loc":{"start":{"line":28,"column":0},"end":{"line":59,"column":1}},"line":28}},"f":{"0":8}}
,"/home/prachwal/nanolux/src/components/FormField/FormField.tsx": {"path":"/home/prachwal/nanolux/src/components/FormField/FormField.tsx","all":false,"statementMap":{"45":{"start":{"line":46,"column":0},"end":{"line":46,"column":36}},"46":{"start":{"line":47,"column":0},"end":{"line":47,"column":8}},"47":{"start":{"line":48,"column":0},"end":{"line":48,"column":11}},"48":{"start":{"line":49,"column":0},"end":{"line":49,"column":15}},"49":{"start":{"line":50,"column":0},"end":{"line":50,"column":19}},"50":{"start":{"line":51,"column":0},"end":{"line":51,"column":16}},"51":{"start":{"line":52,"column":0},"end":{"line":52,"column":14}},"52":{"start":{"line":53,"column":0},"end":{"line":53,"column":5}},"53":{"start":{"line":54,"column":0},"end":{"line":54,"column":11}},"54":{"start":{"line":55,"column":0},"end":{"line":55,"column":19}},"55":{"start":{"line":56,"column":0},"end":{"line":56,"column":11}},"56":{"start":{"line":57,"column":0},"end":{"line":57,"column":20}},"58":{"start":{"line":59,"column":0},"end":{"line":59,"column":74}},"59":{"start":{"line":60,"column":0},"end":{"line":60,"column":57}},"60":{"start":{"line":61,"column":0},"end":{"line":61,"column":63}},"63":{"start":{"line":64,"column":0},"end":{"line":64,"column":78}},"65":{"start":{"line":66,"column":0},"end":{"line":66,"column":32}},"66":{"start":{"line":67,"column":0},"end":{"line":67,"column":41}},"67":{"start":{"line":68,"column":0},"end":{"line":68,"column":53}},"68":{"start":{"line":69,"column":0},"end":{"line":69,"column":54}},"71":{"start":{"line":72,"column":0},"end":{"line":72,"column":90}},"72":{"start":{"line":73,"column":0},"end":{"line":73,"column":7}},"73":{"start":{"line":74,"column":0},"end":{"line":74,"column":20}},"74":{"start":{"line":75,"column":0},"end":{"line":75,"column":16}},"75":{"start":{"line":76,"column":0},"end":{"line":76,"column":28}},"76":{"start":{"line":77,"column":0},"end":{"line":77,"column":22}},"77":{"start":{"line":78,"column":0},"end":{"line":78,"column":42}},"78":{"start":{"line":79,"column":0},"end":{"line":79,"column":47}},"79":{"start":{"line":80,"column":0},"end":{"line":80,"column":9}},"80":{"start":{"line":81,"column":0},"end":{"line":81,"column":7}},"81":{"start":{"line":82,"column":0},"end":{"line":82,"column":14}},"83":{"start":{"line":84,"column":0},"end":{"line":84,"column":10}},"84":{"start":{"line":85,"column":0},"end":{"line":85,"column":9}},"85":{"start":{"line":86,"column":0},"end":{"line":86,"column":67}},"86":{"start":{"line":87,"column":0},"end":{"line":87,"column":16}},"88":{"start":{"line":89,"column":0},"end":{"line":89,"column":17}},"89":{"start":{"line":90,"column":0},"end":{"line":90,"column":15}},"90":{"start":{"line":91,"column":0},"end":{"line":91,"column":27}},"91":{"start":{"line":92,"column":0},"end":{"line":92,"column":34}},"93":{"start":{"line":94,"column":0},"end":{"line":94,"column":17}},"94":{"start":{"line":95,"column":0},"end":{"line":95,"column":24}},"95":{"start":{"line":96,"column":0},"end":{"line":96,"column":68}},"97":{"start":{"line":98,"column":0},"end":{"line":98,"column":19}},"99":{"start":{"line":100,"column":0},"end":{"line":100,"column":16}},"102":{"start":{"line":103,"column":0},"end":{"line":103,"column":36}},"103":{"start":{"line":104,"column":0},"end":{"line":104,"column":26}},"104":{"start":{"line":105,"column":0},"end":{"line":105,"column":12}},"106":{"start":{"line":107,"column":0},"end":{"line":107,"column":30}},"107":{"start":{"line":108,"column":0},"end":{"line":108,"column":13}},"108":{"start":{"line":109,"column":0},"end":{"line":109,"column":21}},"109":{"start":{"line":110,"column":0},"end":{"line":110,"column":33}},"111":{"start":{"line":112,"column":0},"end":{"line":112,"column":20}},"112":{"start":{"line":113,"column":0},"end":{"line":113,"column":14}},"115":{"start":{"line":116,"column":0},"end":{"line":116,"column":33}},"116":{"start":{"line":117,"column":0},"end":{"line":117,"column":13}},"117":{"start":{"line":118,"column":0},"end":{"line":118,"column":22}},"118":{"start":{"line":119,"column":0},"end":{"line":119,"column":42}},"119":{"start":{"line":120,"column":0},"end":{"line":120,"column":22}},"121":{"start":{"line":122,"column":0},"end":{"line":122,"column":24}},"122":{"start":{"line":123,"column":0},"end":{"line":123,"column":14}},"124":{"start":{"line":125,"column":0},"end":{"line":125,"column":10}},"126":{"start":{"line":127,"column":0},"end":{"line":127,"column":1}}},"s":{"45":7,"46":7,"47":7,"48":7,"49":7,"50":7,"51":7,"52":7,"53":7,"54":7,"55":7,"56":7,"58":7,"59":7,"60":7,"63":7,"65":7,"66":7,"67":7,"68":7,"71":7,"72":7,"73":7,"74":7,"75":7,"76":7,"77":7,"78":7,"79":7,"80":7,"81":0,"83":7,"84":7,"85":7,"86":7,"88":7,"89":7,"90":7,"91":7,"93":7,"94":7,"95":1,"97":1,"99":7,"102":7,"103":7,"104":7,"106":7,"107":1,"108":1,"109":1,"111":1,"112":1,"115":7,"116":2,"117":2,"118":2,"119":2,"121":2,"122":2,"124":7,"126":7},"branchMap":{"0":{"type":"branch","line":46,"loc":{"start":{"line":46,"column":0},"end":{"line":127,"column":1}},"locations":[{"start":{"line":46,"column":0},"end":{"line":127,"column":1}}]},"1":{"type":"branch","line":60,"loc":{"start":{"line":60,"column":17},"end":{"line":60,"column":48}},"locations":[{"start":{"line":60,"column":17},"end":{"line":60,"column":48}}]},"2":{"type":"branch","line":60,"loc":{"start":{"line":60,"column":38},"end":{"line":60,"column":57}},"locations":[{"start":{"line":60,"column":38},"end":{"line":60,"column":57}}]},"3":{"type":"branch","line":61,"loc":{"start":{"line":61,"column":18},"end":{"line":61,"column":54}},"locations":[{"start":{"line":61,"column":18},"end":{"line":61,"column":54}}]},"4":{"type":"branch","line":61,"loc":{"start":{"line":61,"column":43},"end":{"line":61,"column":63}},"locations":[{"start":{"line":61,"column":43},"end":{"line":61,"column":63}}]},"5":{"type":"branch","line":64,"loc":{"start":{"line":64,"column":64},"end":{"line":64,"column":78}},"locations":[{"start":{"line":64,"column":64},"end":{"line":64,"column":78}}]},"6":{"type":"branch","line":68,"loc":{"start":{"line":68,"column":21},"end":{"line":68,"column":51}},"locations":[{"start":{"line":68,"column":21},"end":{"line":68,"column":51}}]},"7":{"type":"branch","line":68,"loc":{"start":{"line":68,"column":29},"end":{"line":68,"column":53}},"locations":[{"start":{"line":68,"column":29},"end":{"line":68,"column":53}}]},"8":{"type":"branch","line":69,"loc":{"start":{"line":69,"column":22},"end":{"line":69,"column":52}},"locations":[{"start":{"line":69,"column":22},"end":{"line":69,"column":52}}]},"9":{"type":"branch","line":79,"loc":{"start":{"line":79,"column":17},"end":{"line":79,"column":47}},"locations":[{"start":{"line":79,"column":17},"end":{"line":79,"column":47}}]},"10":{"type":"branch","line":81,"loc":{"start":{"line":81,"column":6},"end":{"line":82,"column":14}},"locations":[{"start":{"line":81,"column":6},"end":{"line":82,"column":14}}]},"11":{"type":"branch","line":95,"loc":{"start":{"line":95,"column":11},"end":{"line":98,"column":19}},"locations":[{"start":{"line":95,"column":11},"end":{"line":98,"column":19}}]},"12":{"type":"branch","line":107,"loc":{"start":{"line":107,"column":7},"end":{"line":107,"column":30}},"locations":[{"start":{"line":107,"column":7},"end":{"line":107,"column":30}}]},"13":{"type":"branch","line":107,"loc":{"start":{"line":107,"column":20},"end":{"line":113,"column":14}},"locations":[{"start":{"line":107,"column":20},"end":{"line":113,"column":14}}]},"14":{"type":"branch","line":116,"loc":{"start":{"line":116,"column":7},"end":{"line":116,"column":33}},"locations":[{"start":{"line":116,"column":7},"end":{"line":116,"column":33}}]},"15":{"type":"branch","line":116,"loc":{"start":{"line":116,"column":16},"end":{"line":123,"column":14}},"locations":[{"start":{"line":116,"column":16},"end":{"line":123,"column":14}}]}},"b":{"0":[7],"1":[2],"2":[5],"3":[2],"4":[5],"5":[4],"6":[3],"7":[4],"8":[0],"9":[4],"10":[0],"11":[1],"12":[2],"13":[1],"14":[3],"15":[2]},"fnMap":{"0":{"name":"FormField","decl":{"start":{"line":46,"column":0},"end":{"line":127,"column":1}},"loc":{"start":{"line":46,"column":0},"end":{"line":127,"column":1}},"line":46}},"f":{"0":7}}
,"/home/prachwal/nanolux/src/components/Input/Input.tsx": {"path":"/home/prachwal/nanolux/src/components/Input/Input.tsx","all":false,"statementMap":{"1":{"start":{"line":2,"column":0},"end":{"line":2,"column":20}},"33":{"start":{"line":34,"column":0},"end":{"line":34,"column":32}},"34":{"start":{"line":35,"column":0},"end":{"line":35,"column":16}},"35":{"start":{"line":36,"column":0},"end":{"line":36,"column":14}},"36":{"start":{"line":37,"column":0},"end":{"line":37,"column":11}},"37":{"start":{"line":38,"column":0},"end":{"line":38,"column":10}},"38":{"start":{"line":39,"column":0},"end":{"line":39,"column":14}},"39":{"start":{"line":40,"column":0},"end":{"line":40,"column":8}},"40":{"start":{"line":41,"column":0},"end":{"line":41,"column":11}},"41":{"start":{"line":42,"column":0},"end":{"line":42,"column":13}},"42":{"start":{"line":43,"column":0},"end":{"line":43,"column":13}},"43":{"start":{"line":44,"column":0},"end":{"line":44,"column":17}},"44":{"start":{"line":45,"column":0},"end":{"line":45,"column":11}},"45":{"start":{"line":46,"column":0},"end":{"line":46,"column":16}},"46":{"start":{"line":47,"column":0},"end":{"line":47,"column":41}},"47":{"start":{"line":48,"column":0},"end":{"line":48,"column":52}},"48":{"start":{"line":49,"column":0},"end":{"line":49,"column":102}},"50":{"start":{"line":51,"column":0},"end":{"line":51,"column":106}},"52":{"start":{"line":53,"column":0},"end":{"line":53,"column":10}},"53":{"start":{"line":54,"column":0},"end":{"line":54,"column":30}},"54":{"start":{"line":55,"column":0},"end":{"line":55,"column":68}},"55":{"start":{"line":56,"column":0},"end":{"line":56,"column":13}},"56":{"start":{"line":57,"column":0},"end":{"line":57,"column":25}},"57":{"start":{"line":58,"column":0},"end":{"line":58,"column":19}},"58":{"start":{"line":59,"column":0},"end":{"line":59,"column":27}},"59":{"start":{"line":60,"column":0},"end":{"line":60,"column":33}},"60":{"start":{"line":61,"column":0},"end":{"line":61,"column":21}},"61":{"start":{"line":62,"column":0},"end":{"line":62,"column":27}},"62":{"start":{"line":63,"column":0},"end":{"line":63,"column":18}},"63":{"start":{"line":64,"column":0},"end":{"line":64,"column":8}},"64":{"start":{"line":65,"column":0},"end":{"line":65,"column":68}},"65":{"start":{"line":66,"column":0},"end":{"line":66,"column":10}},"67":{"start":{"line":68,"column":0},"end":{"line":68,"column":1}}},"s":{"1":1,"33":9,"34":9,"35":9,"36":9,"37":9,"38":9,"39":9,"40":9,"41":9,"42":9,"43":9,"44":9,"45":9,"46":9,"47":9,"48":9,"50":9,"52":9,"53":9,"54":9,"55":9,"56":9,"57":9,"58":9,"59":9,"60":9,"61":9,"62":9,"63":9,"64":9,"65":9,"67":9},"branchMap":{"0":{"type":"branch","line":34,"loc":{"start":{"line":34,"column":0},"end":{"line":68,"column":1}},"locations":[{"start":{"line":34,"column":0},"end":{"line":68,"column":1}}]},"1":{"type":"branch","line":48,"loc":{"start":{"line":48,"column":21},"end":{"line":48,"column":50}},"locations":[{"start":{"line":48,"column":21},"end":{"line":48,"column":50}}]},"2":{"type":"branch","line":48,"loc":{"start":{"line":48,"column":31},"end":{"line":48,"column":52}},"locations":[{"start":{"line":48,"column":31},"end":{"line":48,"column":52}}]},"3":{"type":"branch","line":49,"loc":{"start":{"line":49,"column":20},"end":{"line":49,"column":75}},"locations":[{"start":{"line":49,"column":20},"end":{"line":49,"column":75}}]},"4":{"type":"branch","line":51,"loc":{"start":{"line":51,"column":39},"end":{"line":51,"column":68}},"locations":[{"start":{"line":51,"column":39},"end":{"line":51,"column":68}}]},"5":{"type":"branch","line":51,"loc":{"start":{"line":51,"column":52},"end":{"line":51,"column":70}},"locations":[{"start":{"line":51,"column":52},"end":{"line":51,"column":70}}]},"6":{"type":"branch","line":51,"loc":{"start":{"line":51,"column":73},"end":{"line":51,"column":102}},"locations":[{"start":{"line":51,"column":73},"end":{"line":51,"column":102}}]},"7":{"type":"branch","line":51,"loc":{"start":{"line":51,"column":86},"end":{"line":51,"column":104}},"locations":[{"start":{"line":51,"column":86},"end":{"line":51,"column":104}}]},"8":{"type":"branch","line":55,"loc":{"start":{"line":55,"column":7},"end":{"line":55,"column":68}},"locations":[{"start":{"line":55,"column":7},"end":{"line":55,"column":68}}]},"9":{"type":"branch","line":65,"loc":{"start":{"line":65,"column":7},"end":{"line":65,"column":68}},"locations":[{"start":{"line":65,"column":7},"end":{"line":65,"column":68}}]}},"b":{"0":[9],"1":[1],"2":[8],"3":[0],"4":[1],"5":[8],"6":[1],"7":[8],"8":[1],"9":[1]},"fnMap":{"0":{"name":"Input","decl":{"start":{"line":34,"column":0},"end":{"line":68,"column":1}},"loc":{"start":{"line":34,"column":0},"end":{"line":68,"column":1}},"line":34}},"f":{"0":9}}
,"/home/prachwal/nanolux/src/components/Link/Link.tsx": {"path":"/home/prachwal/nanolux/src/components/Link/Link.tsx","all":false,"statementMap":{"41":{"start":{"line":42,"column":0},"end":{"line":42,"column":31}},"42":{"start":{"line":43,"column":0},"end":{"line":43,"column":7}},"43":{"start":{"line":44,"column":0},"end":{"line":44,"column":11}},"44":{"start":{"line":45,"column":0},"end":{"line":45,"column":22}},"45":{"start":{"line":46,"column":0},"end":{"line":46,"column":14}},"46":{"start":{"line":47,"column":0},"end":{"line":47,"column":22}},"47":{"start":{"line":48,"column":0},"end":{"line":48,"column":19}},"48":{"start":{"line":49,"column":0},"end":{"line":49,"column":19}},"49":{"start":{"line":50,"column":0},"end":{"line":50,"column":19}},"50":{"start":{"line":51,"column":0},"end":{"line":51,"column":10}},"51":{"start":{"line":52,"column":0},"end":{"line":52,"column":11}},"52":{"start":{"line":53,"column":0},"end":{"line":53,"column":15}},"53":{"start":{"line":54,"column":0},"end":{"line":54,"column":26}},"54":{"start":{"line":55,"column":0},"end":{"line":55,"column":41}},"55":{"start":{"line":56,"column":0},"end":{"line":56,"column":35}},"56":{"start":{"line":57,"column":0},"end":{"line":57,"column":55}},"57":{"start":{"line":58,"column":0},"end":{"line":58,"column":56}},"58":{"start":{"line":59,"column":0},"end":{"line":59,"column":56}},"59":{"start":{"line":60,"column":0},"end":{"line":60,"column":54}},"61":{"start":{"line":62,"column":0},"end":{"line":62,"column":77}},"62":{"start":{"line":63,"column":0},"end":{"line":63,"column":19}},"63":{"start":{"line":64,"column":0},"end":{"line":64,"column":28}},"64":{"start":{"line":65,"column":0},"end":{"line":65,"column":12}},"65":{"start":{"line":66,"column":0},"end":{"line":66,"column":5}},"67":{"start":{"line":68,"column":0},"end":{"line":68,"column":18}},"68":{"start":{"line":69,"column":0},"end":{"line":69,"column":20}},"69":{"start":{"line":70,"column":0},"end":{"line":70,"column":5}},"70":{"start":{"line":71,"column":0},"end":{"line":71,"column":3}},"73":{"start":{"line":74,"column":0},"end":{"line":74,"column":81}},"74":{"start":{"line":75,"column":0},"end":{"line":75,"column":54}},"76":{"start":{"line":77,"column":0},"end":{"line":77,"column":10}},"77":{"start":{"line":78,"column":0},"end":{"line":78,"column":6}},"78":{"start":{"line":79,"column":0},"end":{"line":79,"column":40}},"79":{"start":{"line":80,"column":0},"end":{"line":80,"column":118}},"80":{"start":{"line":81,"column":0},"end":{"line":81,"column":56}},"81":{"start":{"line":82,"column":0},"end":{"line":82,"column":66}},"82":{"start":{"line":83,"column":0},"end":{"line":83,"column":30}},"83":{"start":{"line":84,"column":0},"end":{"line":84,"column":27}},"84":{"start":{"line":85,"column":0},"end":{"line":85,"column":16}},"86":{"start":{"line":87,"column":0},"end":{"line":87,"column":16}},"87":{"start":{"line":88,"column":0},"end":{"line":88,"column":43}},"88":{"start":{"line":89,"column":0},"end":{"line":89,"column":73}},"90":{"start":{"line":91,"column":0},"end":{"line":91,"column":15}},"92":{"start":{"line":93,"column":0},"end":{"line":93,"column":8}},"94":{"start":{"line":95,"column":0},"end":{"line":95,"column":1}}},"s":{"41":14,"42":14,"43":14,"44":14,"45":14,"46":14,"47":14,"48":14,"49":14,"50":14,"51":14,"52":14,"53":14,"54":14,"55":14,"56":14,"57":14,"58":14,"59":14,"61":14,"62":2,"63":1,"64":1,"65":1,"67":1,"68":1,"69":1,"70":2,"73":14,"74":14,"76":14,"77":14,"78":14,"79":14,"80":14,"81":14,"82":14,"83":14,"84":14,"86":14,"87":14,"88":3,"90":3,"92":14,"94":14},"branchMap":{"0":{"type":"branch","line":42,"loc":{"start":{"line":42,"column":0},"end":{"line":95,"column":1}},"locations":[{"start":{"line":42,"column":0},"end":{"line":95,"column":1}}]},"1":{"type":"branch","line":58,"loc":{"start":{"line":58,"column":24},"end":{"line":58,"column":54}},"locations":[{"start":{"line":58,"column":24},"end":{"line":58,"column":54}}]},"2":{"type":"branch","line":58,"loc":{"start":{"line":58,"column":35},"end":{"line":58,"column":56}},"locations":[{"start":{"line":58,"column":35},"end":{"line":58,"column":56}}]},"3":{"type":"branch","line":59,"loc":{"start":{"line":59,"column":24
[...]
end":{"line":43,"column":18}},"43":{"start":{"line":44,"column":0},"end":{"line":44,"column":45}},"44":{"start":{"line":45,"column":0},"end":{"line":45,"column":28}},"45":{"start":{"line":46,"column":0},"end":{"line":46,"column":30}},"46":{"start":{"line":47,"column":0},"end":{"line":47,"column":37}},"47":{"start":{"line":48,"column":0},"end":{"line":48,"column":61}},"48":{"start":{"line":49,"column":0},"end":{"line":49,"column":35}},"49":{"start":{"line":50,"column":0},"end":{"line":50,"column":12}},"50":{"start":{"line":51,"column":0},"end":{"line":51,"column":10}},"51":{"start":{"line":52,"column":0},"end":{"line":52,"column":12}},"53":{"start":{"line":54,"column":0},"end":{"line":54,"column":35}},"54":{"start":{"line":55,"column":0},"end":{"line":55,"column":16}},"55":{"start":{"line":56,"column":0},"end":{"line":56,"column":26}},"56":{"start":{"line":57,"column":0},"end":{"line":57,"column":34}},"57":{"start":{"line":58,"column":0},"end":{"line":58,"column":34}},"58":{"start":{"line":59,"column":0},"end":{"line":59,"column":34}},"59":{"start":{"line":60,"column":0},"end":{"line":60,"column":12}},"60":{"start":{"line":61,"column":0},"end":{"line":61,"column":52}},"61":{"start":{"line":62,"column":0},"end":{"line":62,"column":9}},"63":{"start":{"line":64,"column":0},"end":{"line":64,"column":17}},"64":{"start":{"line":65,"column":0},"end":{"line":65,"column":12}},"65":{"start":{"line":66,"column":0},"end":{"line":66,"column":10}},"67":{"start":{"line":68,"column":0},"end":{"line":68,"column":1}}},"s":{"0":0,"1":0,"3":0,"4":0,"5":0,"6":0,"8":0,"9":0,"10":0,"12":0,"13":0,"14":0,"15":0,"16":0,"17":0,"19":0,"20":0,"21":0,"22":0,"23":0,"24":0,"25":0,"26":0,"27":0,"28":0,"30":0,"31":0,"32":0,"33":0,"34":0,"35":0,"36":0,"37":0,"38":0,"39":0,"41":0,"42":0,"43":0,"44":0,"45":0,"46":0,"47":0,"48":0,"49":0,"50":0,"51":0,"53":0,"54":0,"55":0,"56":0,"57":0,"58":0,"59":0,"60":0,"61":0,"63":0,"64":0,"65":0,"67":0},"branchMap":{"0":{"type":"branch","line":1,"loc":{"start":{"line":1,"column":1929},"end":{"line":68,"column":1}},"locations":[{"start":{"line":1,"column":1929},"end":{"line":68,"column":1}}]}},"b":{"0":[0]},"fnMap":{"0":{"name":"(empty-report)","decl":{"start":{"line":1,"column":1929},"end":{"line":68,"column":1}},"loc":{"start":{"line":1,"column":1929},"end":{"line":68,"column":1}},"line":1}},"f":{"0":0}}
,"/home/prachwal/nanolux/src/examples/AppHeader/AppHeader.tsx": {"path":"/home/prachwal/nanolux/src/examples/AppHeader/AppHeader.tsx","all":false,"statementMap":{"0":{"start":{"line":1,"column":0},"end":{"line":1,"column":39}},"2":{"start":{"line":3,"column":0},"end":{"line":3,"column":24}},"20":{"start":{"line":21,"column":0},"end":{"line":21,"column":36}},"21":{"start":{"line":22,"column":0},"end":{"line":22,"column":29}},"22":{"start":{"line":23,"column":0},"end":{"line":23,"column":62}},"23":{"start":{"line":24,"column":0},"end":{"line":24,"column":17}},"24":{"start":{"line":25,"column":0},"end":{"line":25,"column":11}},"25":{"start":{"line":26,"column":0},"end":{"line":26,"column":20}},"26":{"start":{"line":27,"column":0},"end":{"line":27,"column":54}},"28":{"start":{"line":29,"column":0},"end":{"line":29,"column":10}},"29":{"start":{"line":30,"column":0},"end":{"line":30,"column":47}},"30":{"start":{"line":31,"column":0},"end":{"line":31,"column":40}},"31":{"start":{"line":32,"column":0},"end":{"line":32,"column":14}},"32":{"start":{"line":33,"column":0},"end":{"line":33,"column":27}},"33":{"start":{"line":34,"column":0},"end":{"line":34,"column":26}},"34":{"start":{"line":35,"column":0},"end":{"line":35,"column":24}},"35":{"start":{"line":36,"column":0},"end":{"line":36,"column":33}},"36":{"start":{"line":37,"column":0},"end":{"line":37,"column":25}},"37":{"start":{"line":38,"column":0},"end":{"line":38,"column":10}},"38":{"start":{"line":39,"column":0},"end":{"line":39,"column":14}},"39":{"start":{"line":40,"column":0},"end":{"line":40,"column":29}},"40":{"start":{"line":41,"column":0},"end":{"line":41,"column":28}},"41":{"start":{"line":42,"column":0},"end":{"line":42,"column":26}},"42":{"start":{"line":43,"column":0},"end":{"line":43,"column":37}},"43":{"start":{"line":44,"column":0},"end":{"line":44,"column":25}},"44":{"start":{"line":45,"column":0},"end":{"line":45,"column":10}},"45":{"start":{"line":46,"column":0},"end":{"line":46,"column":12}},"47":{"start":{"line":48,"column":0},"end":{"line":48,"column":51}},"48":{"start":{"line":49,"column":0},"end":{"line":49,"column":61}},"49":{"start":{"line":50,"column":0},"end":{"line":50,"column":13}},"51":{"start":{"line":52,"column":0},"end":{"line":52,"column":1}}},"s":{"0":1,"2":1,"20":29,"21":29,"22":29,"23":29,"24":29,"25":29,"26":29,"28":29,"29":29,"30":29,"31":29,"32":29,"33":29,"34":29,"35":29,"36":29,"37":29,"38":29,"39":29,"40":29,"41":29,"42":29,"43":29,"44":29,"45":29,"47":29,"48":29,"49":29,"51":29},"branchMap":{"0":{"type":"branch","line":21,"loc":{"start":{"line":21,"column":0},"end":{"line":52,"column":1}},"locations":[{"start":{"line":21,"column":0},"end":{"line":52,"column":1}}]}},"b":{"0":[29]},"fnMap":{"0":{"name":"AppHeader","decl":{"start":{"line":21,"column":0},"end":{"line":52,"column":1}},"loc":{"start":{"line":21,"column":0},"end":{"line":52,"column":1}},"line":21}},"f":{"0":29}}
,"/home/prachwal/nanolux/src/examples/BundleInfo/BundleInfo.tsx": {"path":"/home/prachwal/nanolux/src/examples/BundleInfo/BundleInfo.tsx","all":false,"statementMap":{"1":{"start":{"line":2,"column":0},"end":{"line":2,"column":25}},"21":{"start":{"line":22,"column":0},"end":{"line":22,"column":37}},"22":{"start":{"line":23,"column":0},"end":{"line":23,"column":29}},"23":{"start":{"line":24,"column":0},"end":{"line":24,"column":27}},"24":{"start":{"line":25,"column":0},"end":{"line":25,"column":23}},"25":{"start":{"line":26,"column":0},"end":{"line":26,"column":17}},"26":{"start":{"line":27,"column":0},"end":{"line":27,"column":11}},"27":{"start":{"line":28,"column":0},"end":{"line":28,"column":21}},"28":{"start":{"line":29,"column":0},"end":{"line":29,"column":53}},"30":{"start":{"line":31,"column":0},"end":{"line":31,"column":10}},"31":{"start":{"line":32,"column":0},"end":{"line":32,"column":42}},"32":{"start":{"line":33,"column":0},"end":{"line":33,"column":38}},"33":{"start":{"line":34,"column":0},"end":{"line":34,"column":26}},"34":{"start":{"line":35,"column":0},"end":{"line":35,"column":45}},"35":{"start":{"line":36,"column":0},"end":{"line":36,"column":30}},"36":{"start":{"line":37,"column":0},"end":{"line":37,"column":41}},"37":{"start":{"line":38,"column":0},"end":{"line":38,"column":14}},"38":{"start":{"line":39,"column":0},"end":{"line":39,"column":44}},"39":{"start":{"line":40,"column":0},"end":{"line":40,"column":60}},"40":{"start":{"line":41,"column":0},"end":{"line":41,"column":16}},"41":{"start":{"line":42,"column":0},"end":{"line":42,"column":10}},"42":{"start":{"line":43,"column":0},"end":{"line":43,"column":10}},"44":{"start":{"line":45,"column":0},"end":{"line":45,"column":1}}},"s":{"1":1,"21":27,"22":27,"23":27,"24":27,"25":27,"26":27,"27":27,"28":27,"30":27,"31":27,"32":27,"33":27,"34":27,"35":27,"36":27,"37":27,"38":27,"39":27,"40":27,"41":27,"42":27,"44":27},"branchMap":{"0":{"type":"branch","line":22,"loc":{"start":{"line":22,"column":0},"end":{"line":45,"column":1}},"locations":[{"start":{"line":22,"column":0},"end":{"line":45,"column":1}}]}},"b":{"0":[27]},"fnMap":{"0":{"name":"BundleInfo","decl":{"start":{"line":22,"column":0},"end":{"line":45,"column":1}},"loc":{"start":{"line":22,"column":0},"end":{"line":45,"column":1}},"line":22}},"f":{"0":27}}
,"/home/prachwal/nanolux/src/examples/ButtonShowcase/ButtonShowcase.tsx": {"path":"/home/prachwal/nanolux/src/examples/ButtonShowcase/ButtonShowcase.tsx","all":false,"statementMap":{"0":{"start":{"line":1,"column":0},"end":{"line":1,"column":41}},"2":{"start":{"line":3,"column":0},"end":{"line":3,"column":29}},"18":{"start":{"line":19,"column":0},"end":{"line":19,"column":41}},"19":{"start":{"line":20,"column":0},"end":{"line":20,"column":28}},"20":{"start":{"line":21,"column":0},"end":{"line":21,"column":17}},"21":{"start":{"line":22,"column":0},"end":{"line":22,"column":11}},"22":{"start":{"line":23,"column":0},"end":{"line":23,"column":25}},"23":{"start":{"line":24,"column":0},"end":{"line":24,"column":61}},"25":{"start":{"line":26,"column":0},"end":{"line":26,"column":10}},"26":{"start":{"line":27,"column":0},"end":{"line":27,"column":46}},"27":{"start":{"line":28,"column":0},"end":{"line":28,"column":67}},"29":{"start":{"line":30,"column":0},"end":{"line":30,"column":47}},"30":{"start":{"line":31,"column":0},"end":{"line":31,"column":62}},"31":{"start":{"line":32,"column":0},"end":{"line":32,"column":47}},"32":{"start":{"line":33,"column":0},"end":{"line":33,"column":60}},"33":{"start":{"line":34,"column":0},"end":{"line":34,"column":61}},"34":{"start":{"line":35,"column":0},"end":{"line":35,"column":60}},"35":{"start":{"line":36,"column":0},"end":{"line":36,"column":14}},"36":{"start":{"line":37,"column":0},"end":{"line":37,"column":12}},"38":{"start":{"line":39,"column":0},"end":{"line":39,"column":47}},"39":{"start":{"line":40,"column":0},"end":{"line":40,"column":75}},"40":{"start":{"line":41,"column":0},"end":{"line":41,"column":47}},"41":{"start":{"line":42,"column":0},"end":{"line":42,"column":64}},"42":{"start":{"line":43,"column":0},"end":{"line":43,"column":65}},"43":{"start":{"line":44,"column":0},"end":{"line":44,"column":65}},"44":{"start":{"line":45,"column":0},"end":{"line":45,"column":14}},"45":{"start":{"line":46,"column":0},"end":{"line":46,"column":12}},"46":{"start":{"line":47,"column":0},"end":{"line":47,"column":10}},"48":{"start":{"line":49,"column":0},"end":{"line":49,"column":1}}},"s":{"0":1,"2":1,"18":32,"19":32,"20":32,"21":32,"22":32,"23":32,"25":32,"26":32,"27":32,"29":32,"30":32,"31":32,"32":32,"33":32,"34":32,"35":32,"36":32,"38":32,"39":32,"40":32,"41":32,"42":32,"43":32,"44":32,"45":32,"46":32,"48":32},"branchMap":{"0":{"type":"branch","line":19,"loc":{"start":{"line":19,"column":0},"end":{"line":49,"column":1}},"locations":[{"start":{"line":19,"column":0},"end":{"line":49,"column":1}}]},"1":{"type":"branch","line":28,"loc":{"start":{"line":28,"column":7},"end":{"line":28,"column":67}},"locations":[{"start":{"line":28,"column":7},"end":{"line":28,"column":67}}]}},"b":{"0":[32],"1":[30]},"fnMap":{"0":{"name":"ButtonShowcase","decl":{"start":{"line":19,"column":0},"end":{"line":49,"column":1}},"loc":{"start":{"line":19,"column":0},"end":{"line":49,"column":1}},"line":19}},"f":{"0":32}}
,"/home/prachwal/nanolux/src/examples/CounterDemo/CounterDemo.tsx": {"path":"/home/prachwal/nanolux/src/examples/CounterDemo/CounterDemo.tsx","all":false,"statementMap":{"0":{"start":{"line":1,"column":0},"end":{"line":1,"column":39}},"1":{"start":{"line":2,"column":0},"end":{"line":2,"column":41}},"2":{"start":{"line":3,"column":0},"end":{"line":3,"column":26}},"18":{"start":{"line":19,"column":0},"end":{"line":19,"column":38}},"19":{"start":{"line":20,"column":0},"end":{"line":20,"column":19}},"20":{"start":{"line":21,"column":0},"end":{"line":21,"column":17}},"21":{"start":{"line":22,"column":0},"end":{"line":22,"column":11}},"22":{"start":{"line":23,"column":0},"end":{"line":23,"column":22}},"23":{"start":{"line":24,"column":0},"end":{"line":24,"column":50}},"25":{"start":{"line":26,"column":0},"end":{"line":26,"column":54}},"27":{"start":{"line":28,"column":0},"end":{"line":28,"column":10}},"28":{"start":{"line":29,"column":0},"end":{"line":29,"column":42}},"29":{"start":{"line":30,"column":0},"end":{"line":30,"column":74}},"31":{"start":{"line":32,"column":0},"end":{"line":32,"column":44}},"32":{"start":{"line":33,"column":0},"end":{"line":33,"column":81}},"33":{"start":{"line":34,"column":0},"end":{"line":34,"column":24}},"34":{"start":{"line":35,"column":0},"end":{"line":35,"column":17}},"35":{"start":{"line":36,"column":0},"end":{"line":36,"column":75}},"37":{"start":{"line":38,"column":0},"end":{"line":38,"column":17}},"38":{"start":{"line":39,"column":0},"end":{"line":39,"column":69}},"40":{"start":{"line":41,"column":0},"end":{"line":41,"column":17}},"41":{"start":{"line":42,"column":0},"end":{"line":42,"column":12}},"42":{"start":{"line":43,"column":0},"end":{"line":43,"column":10}},"44":{"start":{"line":45,"column":0},"end":{"line":45,"column":1}}},"s":{"0":1,"1":1,"2":1,"18":51,"19":51,"20":51,"21":51,"22":51,"23":51,"25":51,"27":51,"28":51,"29":51,"31":51,"32":51,"33":51,"34":51,"35":51,"37":51,"38":51,"40":51,"41":51,"42":51,"44":51},"branchMap":{"0":{"type":"branch","line":19,"loc":{"start":{"line":19,"column":0},"end":{"line":45,"column":1}},"locations":[{"start":{"line":19,"column":0},"end":{"line":45,"column":1}}]},"1":{"type":"branch","line":33,"loc":{"start":{"line":33,"column":43},"end":{"line":33,"column":81}},"locations":[{"start":{"line":33,"column":43},"end":{"line":33,"column":81}}]},"2":{"type":"branch","line":33,"loc":{"start":{"line":33,"column":58},"end":{"line":33,"column":78}},"locations":[{"start":{"line":33,"column":58},"end":{"line":33,"column":78}}]},"3":{"type":"branch","line":36,"loc":{"start":{"line":36,"column":45},"end":{"line":36,"column":75}},"locations":[{"start":{"line":36,"column":45},"end":{"line":36,"column":75}}]},"4":{"type":"branch","line":39,"loc":{"start":{"line":39,"column":42},"end":{"line":39,"column":69}},"locations":[{"start":{"line":39,"column":42},"end":{"line":39,"column":69}}]}},"b":{"0":[51],"1":[20],"2":[20],"3":[2],"4":[6]},"fnMap":{"0":{"name":"CounterDemo","decl":{"start":{"line":19,"column":0},"end":{"line":45,"column":1}},"loc":{"start":{"line":19,"column":0},"end":{"line":45,"column":1}},"line":19},"1":{"name":"onClick","decl":{"start":{"line":33,"column":43},"end":{"line":33,"column":81}},"loc":{"start":{"line":33,"column":43},"end":{"line":33,"column":81}},"line":33},"2":{"name":"onClick","decl":{"start":{"line":36,"column":45},"end":{"line":36,"column":75}},"loc":{"start":{"line":36,"column":45},"end":{"line":36,"column":75}},"line":36},"3":{"name":"onClick","decl":{"start":{"line":39,"column":42},"end":{"line":39,"column":69}},"loc":{"start":{"line":39,"column":42},"end":{"line":39,"column":69}},"line":39}},"f":{"0":51,"1":20,"2":2,"3":6}}
,"/home/prachwal/nanolux/src/examples/FeatureList/FeatureList.tsx": {"path":"/home/prachwal/nanolux/src/examples/FeatureList/FeatureList.tsx","all":false,"statementMap":{"1":{"start":{"line":2,"column":0},"end":{"line":2,"column":26}},"32":{"start":{"line":33,"column":0},"end":{"line":33,"column":38}},"33":{"start":{"line":34,"column":0},"end":{"line":34,"column":11}},"34":{"start":{"line":35,"column":0},"end":{"line":35,"column":30}},"35":{"start":{"line":36,"column":0},"end":{"line":36,"column":17}},"36":{"start":{"line":37,"column":0},"end":{"line":37,"column":11}},"37":{"start":{"line":38,"column":0},"end":{"line":38,"column":22}},"38":{"start":{"line":39,"column":0},"end":{"line":39,"column":54}},"40":{"start":{"line":41,"column":0},"end":{"line":41,"column":10}},"41":{"start":{"line":42,"column":0},"end":{"line":42,"column":42}},"42":{"start":{"line":43,"column":0},"end":{"line":43,"column":64}},"44":{"start":{"line":45,"column":0},"end":{"line":45,"column":41}},"45":{"start":{"line":46,"column":0},"end":{"line":46,"column":43}},"46":{"start":{"line":47,"column":0},"end":{"line":47,"column":56}},"47":{"start":{"line":48,"column":0},"end":{"line":48,"column":69}},"48":{"start":{"line":49,"column":0},"end":{"line":49,"column":69}},"49":{"start":{"line":50,"column":0},"end":{"line":50,"column":15}},"50":{"start":{"line":51,"column":0},"end":{"line":51,"column":11}},"51":{"start":{"line":52,"column":0},"end":{"line":52,"column":11}},"52":{"start":{"line":53,"column":0},"end":{"line":53,"column":10}},"54":{"start":{"line":55,"column":0},"end":{"line":55,"column":1}}},"s":{"1":1,"32":29,"33":29,"34":29,"35":29,"36":29,"37":29,"38":29,"40":29,"41":29,"42":29,"44":29,"45":29,"46":135,"47":135,"48":135,"49":135,"50":29,"51":29,"52":29,"54":29},"branchMap":{"0":{"type":"branch","line":33,"loc":{"start":{"line":33,"column":0},"end":{"line":55,"column":1}},"locations":[{"start":{"line":33,"column":0},"end":{"line":55,"column":1}}]},"1":{"type":"branch","line":43,"loc":{"start":{"line":43,"column":7},"end":{"line":43,"column":64}},"locations":[{"start":{"line":43,"column":7},"end":{"line":43,"column":64}}]},"2":{"type":"branch","line":46,"loc":{"start":{"line":46,"column":22},"end":{"line":50,"column":15}},"locations":[{"start":{"line":46,"column":22},"end":{"line":50,"column":15}}]}},"b":{"0":[29],"1":[28],"2":[135]},"fnMap":{"0":{"name":"FeatureList","decl":{"start":{"line":33,"column":0},"end":{"line":55,"column":1}},"loc":{"start":{"line":33,"column":0},"end":{"line":55,"column":1}},"line":33}},"f":{"0":29}}
,"/home/prachwal/nanolux/src/examples/TestComponent/TestComponent.tsx": {"path":"/home/prachwal/nanolux/src/examples/TestComponent/TestComponent.tsx","all":false,"statementMap":{"30":{"start":{"line":31,"column":0},"end":{"line":31,"column":40}},"31":{"start":{"line":32,"column":0},"end":{"line":32,"column":22}},"32":{"start":{"line":33,"column":0},"end":{"line":33,"column":14}},"33":{"start":{"line":34,"column":0},"end":{"line":34,"column":19}},"34":{"start":{"line":35,"column":0},"end":{"line":35,"column":11}},"35":{"start":{"line":36,"column":0},"end":{"line":36,"column":19}},"36":{"start":{"line":37,"column":0},"end":{"line":37,"column":10}},"37":{"start":{"line":38,"column":0},"end":{"line":38,"column":11}},"38":{"start":{"line":39,"column":0},"end":{"line":39,"column":24}},"39":{"start":{"line":40,"column":0},"end":{"line":40,"column":39}},"40":{"start":{"line":41,"column":0},"end":{"line":41,"column":19}},"41":{"start":{"line":42,"column":0},"end":{"line":42,"column":20}},"42":{"start":{"line":43,"column":0},"end":{"line":43,"column":45}},"43":{"start":{"line":44,"column":0},"end":{"line":44,"column":73}},"44":{"start":{"line":45,"column":0},"end":{"line":45,"column":58}},"45":{"start":{"line":46,"column":0},"end":{"line":46,"column":13}},"46":{"start":{"line":47,"column":0},"end":{"line":47,"column":29}},"48":{"start":{"line":49,"column":0},"end":{"line":49,"column":10}},"49":{"start":{"line":50,"column":0},"end":{"line":50,"column":9}},"50":{"start":{"line":51,"column":0},"end":{"line":51,"column":21}},"51":{"start":{"line":52,"column":0},"end":{"line":52,"column":46}},"52":{"start":{"line":53,"column":0},"end":{"line":53,"column":16}},"54":{"start":{"line":55,"column":0},"end":{"line":55,"column":16}},"55":{"start":{"line":56,"column":0},"end":{"line":56,"column":10}},"57":{"start":{"line":58,"column":0},"end":{"line":58,"column":1}}},"s":{"30":6,"31":6,"32":6,"33":6,"34":6,"35":6,"36":6,"37":6,"38":6,"39":6,"40":6,"41":6,"42":6,"43":6,"44":6,"45":6,"46":6,"48":6,"49":6,"50":6,"51":6,"52":6,"54":6,"55":6,"57":6},"branchMap":{"0":{"type":"branch","line":31,"loc":{"start":{"line":31,"column":0},"end":{"line":58,"column":1}},"locations":[{"start":{"line":31,"column":0},"end":{"line":58,"column":1}}]},"1":{"type":"branch","line":44,"loc":{"start":{"line":44,"column":16},"end":{"line":44,"column":73}},"locations":[{"start":{"line":44,"column":16},"end":{"line":44,"column":73}}]},"2":{"type":"branch","line":45,"loc":{"start":{"line":45,"column":4},"end":{"line":45,"column":58}},"locations":[{"start":{"line":45,"column":4},"end":{"line":45,"column":58}}]},"3":{"type":"branch","line":52,"loc":{"start":{"line":52,"column":15},"end":{"line":52,"column":38}},"locations":[{"start":{"line":52,"column":15},"end":{"line":52,"column":38}}]},"4":{"type":"branch","line":52,"loc":{"start":{"line":52,"column":26},"end":{"line":52,"column":46}},"locations":[{"start":{"line":52,"column":26},"end":{"line":52,"column":46}}]}},"b":{"0":[6],"1":[1],"2":[2],"3":[2],"4":[4]},"fnMap":{"0":{"name":"TestComponent","decl":{"start":{"line":31,"column":0},"end":{"line":58,"column":1}},"loc":{"start":{"line":31,"column":0},"end":{"line":58,"column":1}},"line":31}},"f":{"0":6}}
}
