{"/home/prachwal/nanolux/src/app.tsx": {"path":"/home/prachwal/nanolux/src/app.tsx","all":false,"statementMap":{"0":{"start":{"line":1,"column":0},"end":{"line":1,"column":18}},"1":{"start":{"line":2,"column":0},"end":{"line":2,"column":28}},"4":{"start":{"line":5,"column":0},"end":{"line":5,"column":9}},"14":{"start":{"line":15,"column":0},"end":{"line":15,"column":23}},"15":{"start":{"line":16,"column":0},"end":{"line":16,"column":42}},"16":{"start":{"line":17,"column":0},"end":{"line":17,"column":61}},"17":{"start":{"line":18,"column":0},"end":{"line":18,"column":55}},"18":{"start":{"line":19,"column":0},"end":{"line":19,"column":40}},"19":{"start":{"line":20,"column":0},"end":{"line":20,"column":52}},"20":{"start":{"line":21,"column":0},"end":{"line":21,"column":54}},"21":{"start":{"line":22,"column":0},"end":{"line":22,"column":47}},"22":{"start":{"line":23,"column":0},"end":{"line":23,"column":57}},"23":{"start":{"line":24,"column":0},"end":{"line":24,"column":44}},"24":{"start":{"line":25,"column":0},"end":{"line":25,"column":3}},"26":{"start":{"line":27,"column":0},"end":{"line":27,"column":10}},"27":{"start":{"line":28,"column":0},"end":{"line":28,"column":6}},"28":{"start":{"line":29,"column":0},"end":{"line":29,"column":19}},"31":{"start":{"line":32,"column":0},"end":{"line":32,"column":44}},"32":{"start":{"line":33,"column":0},"end":{"line":33,"column":23}},"33":{"start":{"line":34,"column":0},"end":{"line":34,"column":26}},"34":{"start":{"line":35,"column":0},"end":{"line":35,"column":13}},"36":{"start":{"line":37,"column":0},"end":{"line":37,"column":70}},"37":{"start":{"line":38,"column":0},"end":{"line":38,"column":50}},"38":{"start":{"line":39,"column":0},"end":{"line":39,"column":13}},"40":{"start":{"line":41,"column":0},"end":{"line":41,"column":20}},"41":{"start":{"line":42,"column":0},"end":{"line":42,"column":7}},"43":{"start":{"line":44,"column":0},"end":{"line":44,"column":1}}},"s":{"0":1,"1":1,"4":1,"14":1,"15":11,"16":11,"17":11,"18":11,"19":11,"20":11,"21":11,"22":11,"23":11,"24":11,"26":11,"27":11,"28":11,"31":11,"32":11,"33":11,"34":11,"36":11,"37":11,"38":11,"40":11,"41":11,"43":11},"branchMap":{"0":{"type":"branch","line":15,"loc":{"start":{"line":15,"column":7},"end":{"line":44,"column":1}},"locations":[{"start":{"line":15,"column":7},"end":{"line":44,"column":1}}]}},"b":{"0":[11]},"fnMap":{"0":{"name":"App","decl":{"start":{"line":15,"column":7},"end":{"line":44,"column":1}},"loc":{"start":{"line":15,"column":7},"end":{"line":44,"column":1}},"line":15}},"f":{"0":11}}
,"/home/prachwal/nanolux/src/components/AppHeader/AppHeader.tsx": {"path":"/home/prachwal/nanolux/src/components/AppHeader/AppHeader.tsx","all":false,"statementMap":{"0":{"start":{"line":1,"column":0},"end":{"line":1,"column":31}},"2":{"start":{"line":3,"column":0},"end":{"line":3,"column":24}},"20":{"start":{"line":21,"column":0},"end":{"line":21,"column":36}},"21":{"start":{"line":22,"column":0},"end":{"line":22,"column":29}},"22":{"start":{"line":23,"column":0},"end":{"line":23,"column":62}},"23":{"start":{"line":24,"column":0},"end":{"line":24,"column":17}},"24":{"start":{"line":25,"column":0},"end":{"line":25,"column":11}},"25":{"start":{"line":26,"column":0},"end":{"line":26,"column":20}},"26":{"start":{"line":27,"column":0},"end":{"line":27,"column":54}},"28":{"start":{"line":29,"column":0},"end":{"line":29,"column":10}},"29":{"start":{"line":30,"column":0},"end":{"line":30,"column":47}},"30":{"start":{"line":31,"column":0},"end":{"line":31,"column":40}},"31":{"start":{"line":32,"column":0},"end":{"line":32,"column":14}},"32":{"start":{"line":33,"column":0},"end":{"line":33,"column":26}},"33":{"start":{"line":34,"column":0},"end":{"line":34,"column":26}},"34":{"start":{"line":35,"column":0},"end":{"line":35,"column":24}},"35":{"start":{"line":36,"column":0},"end":{"line":36,"column":33}},"36":{"start":{"line":37,"column":0},"end":{"line":37,"column":25}},"37":{"start":{"line":38,"column":0},"end":{"line":38,"column":10}},"38":{"start":{"line":39,"column":0},"end":{"line":39,"column":14}},"39":{"start":{"line":40,"column":0},"end":{"line":40,"column":28}},"40":{"start":{"line":41,"column":0},"end":{"line":41,"column":28}},"41":{"start":{"line":42,"column":0},"end":{"line":42,"column":26}},"42":{"start":{"line":43,"column":0},"end":{"line":43,"column":37}},"43":{"start":{"line":44,"column":0},"end":{"line":44,"column":25}},"44":{"start":{"line":45,"column":0},"end":{"line":45,"column":10}},"45":{"start":{"line":46,"column":0},"end":{"line":46,"column":12}},"47":{"start":{"line":48,"column":0},"end":{"line":48,"column":51}},"48":{"start":{"line":49,"column":0},"end":{"line":49,"column":61}},"49":{"start":{"line":50,"column":0},"end":{"line":50,"column":13}},"51":{"start":{"line":52,"column":0},"end":{"line":52,"column":1}}},"s":{"0":1,"2":1,"20":29,"21":29,"22":29,"23":29,"24":29,"25":29,"26":29,"28":29,"29":29,"30":29,"31":29,"32":29,"33":29,"34":29,"35":29,"36":29,"37":29,"38":29,"39":29,"40":29,"41":29,"42":29,"43":29,"44":29,"45":29,"47":29,"48":29,"49":29,"51":29},"branchMap":{"0":{"type":"branch","line":21,"loc":{"start":{"line":21,"column":0},"end":{"line":52,"column":1}},"locations":[{"start":{"line":21,"column":0},"end":{"line":52,"column":1}}]}},"b":{"0":[29]},"fnMap":{"0":{"name":"AppHeader","decl":{"start":{"line":21,"column":0},"end":{"line":52,"column":1}},"loc":{"start":{"line":21,"column":0},"end":{"line":52,"column":1}},"line":21}},"f":{"0":29}}
,"/home/prachwal/nanolux/src/components/BundleInfo/BundleInfo.tsx": {"path":"/home/prachwal/nanolux/src/components/BundleInfo/BundleInfo.tsx","all":false,"statementMap":{"1":{"start":{"line":2,"column":0},"end":{"line":2,"column":25}},"21":{"start":{"line":22,"column":0},"end":{"line":22,"column":37}},"22":{"start":{"line":23,"column":0},"end":{"line":23,"column":29}},"23":{"start":{"line":24,"column":0},"end":{"line":24,"column":27}},"24":{"start":{"line":25,"column":0},"end":{"line":25,"column":23}},"25":{"start":{"line":26,"column":0},"end":{"line":26,"column":17}},"26":{"start":{"line":27,"column":0},"end":{"line":27,"column":11}},"27":{"start":{"line":28,"column":0},"end":{"line":28,"column":21}},"28":{"start":{"line":29,"column":0},"end":{"line":29,"column":53}},"30":{"start":{"line":31,"column":0},"end":{"line":31,"column":10}},"31":{"start":{"line":32,"column":0},"end":{"line":32,"column":42}},"32":{"start":{"line":33,"column":0},"end":{"line":33,"column":38}},"33":{"start":{"line":34,"column":0},"end":{"line":34,"column":26}},"34":{"start":{"line":35,"column":0},"end":{"line":35,"column":45}},"35":{"start":{"line":36,"column":0},"end":{"line":36,"column":30}},"36":{"start":{"line":37,"column":0},"end":{"line":37,"column":41}},"37":{"start":{"line":38,"column":0},"end":{"line":38,"column":14}},"38":{"start":{"line":39,"column":0},"end":{"line":39,"column":44}},"39":{"start":{"line":40,"column":0},"end":{"line":40,"column":60}},"40":{"start":{"line":41,"column":0},"end":{"line":41,"column":16}},"41":{"start":{"line":42,"column":0},"end":{"line":42,"column":10}},"42":{"start":{"line":43,"column":0},"end":{"line":43,"column":10}},"44":{"start":{"line":45,"column":0},"end":{"line":45,"column":1}}},"s":{"1":1,"21":27,"22":27,"23":27,"24":27,"25":27,"26":27,"27":27,"28":27,"30":27,"31":27,"32":27,"33":27,"34":27,"35":27,"36":27,"37":27,"38":27,"39":27,"40":27,"41":27,"42":27,"44":27},"branchMap":{"0":{"type":"branch","line":22,"loc":{"start":{"line":22,"column":0},"end":{"line":45,"column":1}},"locations":[{"start":{"line":22,"column":0},"end":{"line":45,"column":1}}]}},"b":{"0":[27]},"fnMap":{"0":{"name":"BundleInfo","decl":{"start":{"line":22,"column":0},"end":{"line":45,"column":1}},"loc":{"start":{"line":22,"column":0},"end":{"line":45,"column":1}},"line":22}},"f":{"0":27}}
,"/home/prachwal/nanolux/src/components/Button/Button.examples.tsx": {"path":"/home/prachwal/nanolux/src/components/Button/Button.examples.tsx","all":false,"statementMap":{"1":{"start":{"line":2,"column":0},"end":{"line":2,"column":29}},"4":{"start":{"line":5,"column":0},"end":{"line":5,"column":31}},"5":{"start":{"line":6,"column":0},"end":{"line":6,"column":12}},"6":{"start":{"line":7,"column":0},"end":{"line":7,"column":32}},"7":{"start":{"line":8,"column":0},"end":{"line":8,"column":30}},"8":{"start":{"line":9,"column":0},"end":{"line":9,"column":4}},"10":{"start":{"line":11,"column":0},"end":{"line":11,"column":14}},"11":{"start":{"line":12,"column":0},"end":{"line":12,"column":34}},"12":{"start":{"line":13,"column":0},"end":{"line":13,"column":32}},"13":{"start":{"line":14,"column":0},"end":{"line":14,"column":4}},"15":{"start":{"line":16,"column":0},"end":{"line":16,"column":11}},"16":{"start":{"line":17,"column":0},"end":{"line":17,"column":31}},"17":{"start":{"line":18,"column":0},"end":{"line":18,"column":29}},"18":{"start":{"line":19,"column":0},"end":{"line":19,"column":4}},"20":{"start":{"line":21,"column":0},"end":{"line":21,"column":10}},"21":{"start":{"line":22,"column":0},"end":{"line":22,"column":32}},"22":{"start":{"line":23,"column":0},"end":{"line":23,"column":24}},"23":{"start":{"line":24,"column":0},"end":{"line":24,"column":21}},"24":{"start":{"line":25,"column":0},"end":{"line":25,"column":4}},"26":{"start":{"line":27,"column":0},"end":{"line":27,"column":10}},"27":{"start":{"line":28,"column":0},"end":{"line":28,"column":32}},"28":{"start":{"line":29,"column":0},"end":{"line":29,"column":24}},"29":{"start":{"line":30,"column":0},"end":{"line":30,"column":21}},"30":{"start":{"line":31,"column":0},"end":{"line":31,"column":4}},"32":{"start":{"line":33,"column":0},"end":{"line":33,"column":14}},"33":{"start":{"line":34,"column":0},"end":{"line":34,"column":18}},"34":{"start":{"line":35,"column":0},"end":{"line":35,"column":19}},"35":{"start":{"line":36,"column":0},"end":{"line":36,"column":26}},"36":{"start":{"line":37,"column":0},"end":{"line":37,"column":4}},"38":{"start":{"line":39,"column":0},"end":{"line":39,"column":15}},"39":{"start":{"line":40,"column":0},"end":{"line":40,"column":18}},"40":{"start":{"line":41,"column":0},"end":{"line":41,"column":19}},"41":{"start":{"line":42,"column":0},"end":{"line":42,"column":27}},"42":{"start":{"line":43,"column":0},"end":{"line":43,"column":3}},"43":{"start":{"line":44,"column":0},"end":{"line":44,"column":1}},"48":{"start":{"line":49,"column":0},"end":{"line":49,"column":39}},"49":{"start":{"line":50,"column":0},"end":{"line":50,"column":10}},"50":{"start":{"line":51,"column":0},"end":{"line":51,"column":56}},"51":{"start":{"line":52,"column":0},"end":{"line":52,"column":56}},"52":{"start":{"line":53,"column":0},"end":{"line":53,"column":57}},"53":{"start":{"line":54,"column":0},"end":{"line":54,"column":56}},"54":{"start":{"line":55,"column":0},"end":{"line":55,"column":10}},"56":{"start":{"line":57,"column":0},"end":{"line":57,"column":1}},"61":{"start":{"line":62,"column":0},"end":{"line":62,"column":42}},"62":{"start":{"line":63,"column":0},"end":{"line":63,"column":10}},"63":{"start":{"line":64,"column":0},"end":{"line":64,"column":56}},"64":{"start":{"line":65,"column":0},"end":{"line":65,"column":48}},"65":{"start":{"line":66,"column":0},"end":{"line":66,"column":52}},"66":{"start":{"line":67,"column":0},"end":{"line":67,"column":46}},"67":{"start":{"line":68,"column":0},"end":{"line":68,"column":10}},"69":{"start":{"line":70,"column":0},"end":{"line":70,"column":1}},"74":{"start":{"line":75,"column":0},"end":{"line":75,"column":46}},"75":{"start":{"line":76,"column":0},"end":{"line":76,"column":10}},"76":{"start":{"line":77,"column":0},"end":{"line":77,"column":56}},"77":{"start":{"line":78,"column":0},"end":{"line":78,"column":60}},"78":{"start":{"line":79,"column":0},"end":{"line":79,"column":61}},"79":{"start":{"line":80,"column":0},"end":{"line":80,"column":61}},"80":{"start":{"line":81,"column":0},"end":{"line":81,"column":10}},"82":{"start":{"line":83,"column":0},"end":{"line":83,"column":1}}},"s":{"1":1,"4":1,"5":1,"6":1,"7":1,"8":1,"10":1,"11":1,"12":1,"13":1,"15":1,"16":1,"17":1,"18":1,"20":1,"21":1,"22":1,"23":1,"24":1,"26":1,"27":1,"28":1,"29":1,"30":1,"32":1,"33":1,"34":1,"35":1,"36":1,"38":1,"39":1,"40":1,"41":1,"42":1,"43":1,"48":1,"49":3,"50":3,"51":3,"52":3,"53":3,"54":3,"56":3,"61":1,"62":3,"63":3,"64":3,"65":3,"66":3,"67":3,"69":3,"74":1,"75":3,"76":3,"77":3,"78":3,"79":3,"80":3,"82":3},"branchMap":{"0":{"type":"branch","line":49,"loc":{"start":{"line":49,"column":7},"end":{"line":57,"column":1}},"locations":[{"start":{"line":49,"column":7},"end":{"line":57,"column":1}}]},"1":{"type":"branch","line":62,"loc":{"start":{"line":62,"column":7},"end":{"line":70,"column":1}},"locations":[{"start":{"line":62,"column":7},"end":{"line":70,"column":1}}]},"2":{"type":"branch","line":75,"loc":{"start":{"line":75,"column":7},"end":{"line":83,"column":1}},"locations":[{"start":{"line":75,"column":7},"end":{"line":83,"column":1}}]}},"b":{"0":[3],"1":[3],"2":[3]},"fnMap":{"0":{"name":"ButtonSizesShowcase","decl":{"start":{"line":49,"column":7},"end":{"line":57,"column":1}},"loc":{"start":{"line":49,"column":7},"end":{"line":57,"column":1}},"line":49},"1":{"name":"ButtonVariantsShowcase","decl":{"start":{"line":62,"column":7},"end":{"line":70,"column":1}},"loc":{"start":{"line":62,"column":7},"end":{"line":70,"column":1}},"line":62},"2":{"name":"ButtonCustomColorsShowcase","decl":{"start":{"line":75,"column":7},"end":{"line":83,"column":1}},"loc":{"start":{"line":75,"column":7},"end":{"line":83,"column":1}},"line":75}},"f":{"0":3,"1":3,"2":3}}
,"/home/prachwal/nanolux/src/components/Button/Button.tsx": {"path":"/home/prachwal/nanolux/src/components/Button/Button.tsx","all":false,"statementMap":{"1":{"start":{"line":2,"column":0},"end":{"line":2,"column":21}},"26":{"start":{"line":27,"column":0},"end":{"line":27,"column":33}},"27":{"start":{"line":28,"column":0},"end":{"line":28,"column":11}},"28":{"start":{"line":29,"column":0},"end":{"line":29,"column":15}},"29":{"start":{"line":30,"column":0},"end":{"line":30,"column":6}},"30":{"start":{"line":31,"column":0},"end":{"line":31,"column":9}},"31":{"start":{"line":32,"column":0},"end":{"line":32,"column":11}},"32":{"start":{"line":33,"column":0},"end":{"line":33,"column":11}},"33":{"start":{"line":34,"column":0},"end":{"line":34,"column":10}},"34":{"start":{"line":35,"column":0},"end":{"line":35,"column":11}},"35":{"start":{"line":36,"column":0},"end":{"line":36,"column":17}},"36":{"start":{"line":37,"column":0},"end":{"line":37,"column":37}},"37":{"start":{"line":38,"column":0},"end":{"line":38,"column":55}},"40":{"start":{"line":41,"column":0},"end":{"line":41,"column":35}},"41":{"start":{"line":42,"column":0},"end":{"line":42,"column":46}},"42":{"start":{"line":43,"column":0},"end":{"line":43,"column":55}},"43":{"start":{"line":44,"column":0},"end":{"line":44,"column":83}},"46":{"start":{"line":47,"column":0},"end":{"line":47,"column":42}},"47":{"start":{"line":48,"column":0},"end":{"line":48,"column":19}},"48":{"start":{"line":49,"column":0},"end":{"line":49,"column":24}},"49":{"start":{"line":50,"column":0},"end":{"line":50,"column":25}},"50":{"start":{"line":51,"column":0},"end":{"line":51,"column":12}},"51":{"start":{"line":52,"column":0},"end":{"line":52,"column":5}},"52":{"start":{"line":53,"column":0},"end":{"line":53,"column":18}},"53":{"start":{"line":54,"column":0},"end":{"line":54,"column":16}},"54":{"start":{"line":55,"column":0},"end":{"line":55,"column":5}},"55":{"start":{"line":56,"column":0},"end":{"line":56,"column":3}},"57":{"start":{"line":58,"column":0},"end":{"line":58,"column":10}},"58":{"start":{"line":59,"column":0},"end":{"line":59,"column":12}},"59":{"start":{"line":60,"column":0},"end":{"line":60,"column":39}},"61":{"start":{"line":62,"column":0},"end":{"line":62,"column":25}},"62":{"start":{"line":63,"column":0},"end":{"line":63,"column":25}},"63":{"start":{"line":64,"column":0},"end":{"line":64,"column":27}},"64":{"start":{"line":65,"column":0},"end":{"line":65,"column":16}},"67":{"start":{"line":68,"column":0},"end":{"line":68,"column":16}},"68":{"start":{"line":69,"column":0},"end":{"line":69,"column":13}},"70":{"start":{"line":71,"column":0},"end":{"line":71,"column":1}}},"s":{"1":1,"26":482,"27":482,"28":482,"29":482,"30":482,"31":482,"32":482,"33":482,"34":482,"35":482,"36":482,"37":482,"40":482,"41":482,"42":482,"43":482,"46":482,"47":30,"48":1,"49":1,"50":1,"51":1,"52":29,"53":29,"54":29,"55":30,"57":482,"58":482,"59":482,"61":482,"62":482,"63":482,"64":482,"67":482,"68":482,"70":482},"branchMap":{"0":{"type":"branch","line":27,"loc":{"start":{"line":27,"column":0},"end":{"line":71,"column":1}},"locations":[{"start":{"line":27,"column":0},"end":{"line":71,"column":1}}]},"1":{"type":"branch","line":38,"loc":{"start":{"line":38,"column":23},"end":{"line":38,"column":53}},"locations":[{"start":{"line":38,"column":23},"end":{"line":38,"column":53}}]},"2":{"type":"branch","line":38,"loc":{"start":{"line":38,"column":48},"end":{"line":38,"column":55}},"locations":[{"start":{"line":38,"column":48},"end":{"line":38,"column":55}}]},"3":{"type":"branch","line":42,"loc":{"start":{"line":42,"column":10},"end":{"line":42,"column":46}},"locations":[{"start":{"line":42,"column":10},"end":{"line":42,"column":46}}]},"4":{"type":"branch","line":43,"loc":{"start":{"line":43,"column":13},"end":{"line":43,"column":55}},"locations":[{"start":{"line":43,"column":13},"end":{"line":43,"column":55}}]},"5":{"type":"branch","line":44,"loc":{"start":{"line":44,"column":44},"end":{"line":44,"column":74}},"locations":[{"start":{"line":44,"column":44},"end":{"line":44,"column":74}}]},"6":{"type":"branch","line":44,"loc":{"start":{"line":44,"column":70},"end":{"line":44,"column":83}},"locations":[{"start":{"line":44,"column":70},"end":{"line":44,"column":83}}]},"7":{"type":"branch","line":47,"loc":{"start":{"line":47,"column":22},"end":{"line":56,"column":3}},"locations":[{"start":{"line":47,"column":22},"end":{"line":56,"column":3}}]},"8":{"type":"branch","line":48,"loc":{"start":{"line":48,"column":18},"end":{"line":55,"column":5}},"locations":[{"start":{"line":48,"column":18},"end":{"line":55,"column":5}}]},"9":{"type":"branch","line":48,"loc":{"start":{"line":48,"column":18},"end":{"line":52,"column":5}},"locations":[{"start":{"line":48,"column":18},"end":{"line":52,"column":5}}]}},"b":{"0":[482],"1":[269],"2":[213],"3":[107],"4":[106],"5":[107],"6":[375],"7":[30],"8":[29],"9":[1]},"fnMap":{"0":{"name":"Button","decl":{"start":{"line":27,"column":0},"end":{"line":71,"column":1}},"loc":{"start":{"line":27,"column":0},"end":{"line":71,"column":1}},"line":27},"1":{"name":"handleClick","decl":{"start":{"line":47,"column":22},"end":{"line":56,"column":3}},"loc":{"start":{"line":47,"column":22},"end":{"line":56,"column":3}},"line":47}},"f":{"0":482,"1":30}}
,"/home/prachwal/nanolux/src/components/ButtonShowcase/ButtonShowcase.tsx": {"path":"/home/prachwal/nanolux/src/components/ButtonShowcase/ButtonShowcase.tsx","all":false,"statementMap":{"0":{"start":{"line":1,"column":0},"end":{"line":1,"column":33}},"2":{"start":{"line":3,"column":0},"end":{"line":3,"column":29}},"18":{"start":{"line":19,"column":0},"end":{"line":19,"column":41}},"19":{"start":{"line":20,"column":0},"end":{"line":20,"column":28}},"20":{"start":{"line":21,"column":0},"end":{"line":21,"column":17}},"21":{"start":{"line":22,"column":0},"end":{"line":22,"column":11}},"22":{"start":{"line":23,"column":0},"end":{"line":23,"column":25}},"23":{"start":{"line":24,"column":0},"end":{"line":24,"column":61}},"25":{"start":{"line":26,"column":0},"end":{"line":26,"column":10}},"26":{"start":{"line":27,"column":0},"end":{"line":27,"column":46}},"27":{"start":{"line":28,"column":0},"end":{"line":28,"column":67}},"29":{"start":{"line":30,"column":0},"end":{"line":30,"column":47}},"30":{"start":{"line":31,"column":0},"end":{"line":31,"column":62}},"31":{"start":{"line":32,"column":0},"end":{"line":32,"column":47}},"32":{"start":{"line":33,"column":0},"end":{"line":33,"column":60}},"33":{"start":{"line":34,"column":0},"end":{"line":34,"column":61}},"34":{"start":{"line":35,"column":0},"end":{"line":35,"column":60}},"35":{"start":{"line":36,"column":0},"end":{"line":36,"column":14}},"36":{"start":{"line":37,"column":0},"end":{"line":37,"column":12}},"38":{"start":{"line":39,"column":0},"end":{"line":39,"column":47}},"39":{"start":{"line":40,"column":0},"end":{"line":40,"column":75}},"40":{"start":{"line":41,"column":0},"end":{"line":41,"column":47}},"41":{"start":{"line":42,"column":0},"end":{"line":42,"column":64}},"42":{"start":{"line":43,"column":0},"end":{"line":43,"column":65}},"43":{"start":{"line":44,"column":0},"end":{"line":44,"column":65}},"44":{"start":{"line":45,"column":0},"end":{"line":45,"column":14}},"45":{"start":{"line":46,"column":0},"end":{"line":46,"column":12}},"46":{"start":{"line":47,"column":0},"end":{"line":47,"column":10}},"48":{"start":{"line":49,"column":0},"end":{"line":49,"column":1}}},"s":{"0":1,"2":1,"18":32,"19":32,"20":32,"21":32,"22":32,"23":32,"25":32,"26":32,"27":32,"29":32,"30":32,"31":32,"32":32,"33":32,"34":32,"35":32,"36":32,"38":32,"39":32,"40":32,"41":32,"42":32,"43":32,"44":32,"45":32,"46":32,"48":32},"branchMap":{"0":{"type":"branch","line":19,"loc":{"start":{"line":19,"column":0},"end":{"line":49,"column":1}},"locations":[{"start":{"line":19,"column":0},"end":{"line":49,"column":1}}]},"1":{"type":"branch","line":28,"loc":{"start":{"line":28,"column":7},"end":{"line":28,"column":67}},"locations":[{"start":{"line":28,"column":7},"end":{"line":28,"column":67}}]}},"b":{"0":[32],"1":[30]},"fnMap":{"0":{"name":"ButtonShowcase","decl":{"start":{"line":19,"column":0},"end":{"line":49,"column":1}},"loc":{"start":{"line":19,"column":0},"end":{"line":49,"column":1}},"line":19}},"f":{"0":32}}
,"/home/prachwal/nanolux/src/components/Card/Card.tsx": {"path":"/home/prachwal/nanolux/src/components/Card/Card.tsx","all":false,"statementMap":{"1":{"start":{"line":2,"column":0},"end":{"line":2,"column":19}},"24":{"start":{"line":25,"column":0},"end":{"line":25,"column":31}},"25":{"start":{"line":26,"column":0},"end":{"line":26,"column":22}},"26":{"start":{"line":27,"column":0},"end":{"line":27,"column":17}},"27":{"start":{"line":28,"column":0},"end":{"line":28,"column":5}},"28":{"start":{"line":29,"column":0},"end":{"line":29,"column":14}},"29":{"start":{"line":30,"column":0},"end":{"line":30,"column":11}},"30":{"start":{"line":31,"column":0},"end":{"line":31,"column":17}},"31":{"start":{"line":32,"column":0},"end":{"line":32,"column":11}},"32":{"start":{"line":33,"column":0},"end":{"line":33,"column":15}},"33":{"start":{"line":34,"column":0},"end":{"line":34,"column":58}},"34":{"start":{"line":35,"column":0},"end":{"line":35,"column":71}},"37":{"start":{"line":38,"column":0},"end":{"line":38,"column":35}},"38":{"start":{"line":39,"column":0},"end":{"line":39,"column":47}},"39":{"start":{"line":40,"column":0},"end":{"line":40,"column":75}},"40":{"start":{"line":41,"column":0},"end":{"line":41,"column":83}},"42":{"start":{"line":43,"column":0},"end":{"line":43,"column":10}},"43":{"start":{"line":44,"column":0},"end":{"line":44,"column":9}},"44":{"start":{"line":45,"column":0},"end":{"line":45,"column":24}},"46":{"start":{"line":47,"column":0},"end":{"line":47,"column":25}},"47":{"start":{"line":48,"column":0},"end":{"line":48,"column":16}},"50":{"start":{"line":51,"column":0},"end":{"line":51,"column":16}},"51":{"start":{"line":52,"column":0},"end":{"line":52,"column":10}},"53":{"start":{"line":54,"column":0},"end":{"line":54,"column":1}}},"s":{"1":1,"24":37,"25":37,"26":37,"27":37,"28":37,"29":37,"30":37,"31":37,"32":37,"33":37,"34":37,"37":37,"38":37,"39":37,"40":37,"42":37,"43":37,"44":37,"46":37,"47":37,"50":37,"51":37,"53":37},"branchMap":{"0":{"type":"branch","line":25,"loc":{"start":{"line":25,"column":0},"end":{"line":54,"column":1}},"locations":[{"start":{"line":25,"column":0},"end":{"line":54,"column":1}}]},"1":{"type":"branch","line":35,"loc":{"start":{"line":35,"column":20},"end":{"line":35,"column":62}},"locations":[{"start":{"line":35,"column":20},"end":{"line":35,"column":62}}]},"2":{"type":"branch","line":35,"loc":{"start":{"line":35,"column":57},"end":{"line":35,"column":71}},"locations":[{"start":{"line":35,"column":57},"end":{"line":35,"column":71}}]},"3":{"type":"branch","line":39,"loc":{"start":{"line":39,"column":10},"end":{"line":39,"column":47}},"locations":[{"start":{"line":39,"column":10},"end":{"line":39,"column":47}}]},"4":{"type":"branch","line":40,"loc":{"start":{"line":40,"column":19},"end":{"line":40,"column":75}},"locations":[{"start":{"line":40,"column":19},"end":{"line":40,"column":75}}]},"5":{"type":"branch","line":41,"loc":{"start":{"line":41,"column":44},"end":{"line":41,"column":74}},"locations":[{"start":{"line":41,"column":44},"end":{"line":41,"column":74}}]},"6":{"type":"branch","line":41,"loc":{"start":{"line":41,"column":70},"end":{"line":41,"column":83}},"locations":[{"start":{"line":41,"column":70},"end":{"line":41,"column":83}}]}},"b":{"0":[37],"1":[13],"2":[24],"3":[2],"4":[2],"5":[3],"6":[34]},"fnMap":{"0":{"name":"Card","decl":{"start":{"line":25,"column":0},"end":{"line":54,"column":1}},"loc":{"start":{"line":25,"column":0},"end":{"line":54,"column":1}},"line":25}},"f":{"0":37}}
,"/home/prachwal/nanolux/src/components/CounterDemo/CounterDemo.tsx": {"path":"/home/prachwal/nanolux/src/components/CounterDemo/CounterDemo.tsx","all":false,"statementMap":{"0":{"start":{"line":1,"column":0},"end":{"line":1,"column":39}},"1":{"start":{"line":2,"column":0},"end":{"line":2,"column":33}},"2":{"start":{"line":3,"column":0},"end":{"line":3,"column":26}},"18":{"start":{"line":19,"column":0},"end":{"line":19,"column":38}},"19":{"start":{"line":20,"column":0},"end":{"line":20,"column":19}},"20":{"start":{"line":21,"column":0},"end":{"line":21,"column":17}},"21":{"start":{"line":22,"column":0},"end":{"line":22,"column":11}},"22":{"start":{"line":23,"column":0},"end":{"line":23,"column":22}},"23":{"start":{"line":24,"column":0},"end":{"line":24,"column":50}},"25":{"start":{"line":26,"column":0},"end":{"line":26,"column":54}},"27":{"start":{"line":28,"column":0},"end":{"line":28,"column":10}},"28":{"start":{"line":29,"column":0},"end":{"line":29,"column":42}},"29":{"start":{"line":30,"column":0},"end":{"line":30,"column":74}},"31":{"start":{"line":32,"column":0},"end":{"line":32,"column":44}},"32":{"start":{"line":33,"column":0},"end":{"line":33,"column":81}},"33":{"start":{"line":34,"column":0},"end":{"line":34,"column":24}},"34":{"start":{"line":35,"column":0},"end":{"line":35,"column":17}},"35":{"start":{"line":36,"column":0},"end":{"line":36,"column":75}},"37":{"start":{"line":38,"column":0},"end":{"line":38,"column":17}},"38":{"start":{"line":39,"column":0},"end":{"line":39,"column":69}},"40":{"start":{"line":41,"column":0},"end":{"line":41,"column":17}},"41":{"start":{"line":42,"column":0},"end":{"line":42,"column":12}},"42":{"start":{"line":43,"column":0},"end":{"line":43,"column":10}},"44":{"start":{"line":45,"column":0},"end":{"line":45,"column":1}}},"s":{"0":1,"1":1,"2":1,"18":51,"19":51,"20":51,"21":51,"22":51,"23":51,"25":51,"27":51,"28":51,"29":51,"31":51,"32":51,"33":51,"34":51,"35":51,"37":51,"38":51,"40":51,"41":51,"42":51,"44":51},"branchMap":{"0":{"type":"branch","line":19,"loc":{"start":{"line":19,"column":0},"end":{"line":45,"column":1}},"locations":[{"start":{"line":19,"column":0},"end":{"line":45,"column":1}}]},"1":{"type":"branch","line":33,"loc":{"start":{"line":33,"column":43},"end":{"line":33,"column":81}},"locations":[{"start":{"line":33,"column":43},"end":{"line":33,"column":81}}]},"2":{"type":"branch","line":33,"loc":{"start":{"line":33,"column":58},"end":{"line":33,"column":78}},"locations":[{"start":{"line":33,"column":58},"end":{"line":33,"column":78}}]},"3":{"type":"branch","line":36,"loc":{"start":{"line":36,"column":45},"end":{"line":36,"column":75}},"locations":[{"start":{"line":36,"column":45},"end":{"line":36,"column":75}}]},"4":{"type":"branch","line":39,"loc":{"start":{"line":39,"column":42},"end":{"line":39,"column":69}},"locations":[{"start":{"line":39,"column":42},"end":{"line":39,"column":69}}]}},"b":{"0":[51],"1":[20],"2":[20],"3":[2],"4":[6]},"fnMap":{"0":{"name":"CounterDemo","decl":{"start":{"line":19,"column":0},"end":{"line":45,"column":1}},"loc":{"start":{"line":19,"column":0},"end":{"line":45,"column":1}},"line":19},"1":{"name":"onClick","decl":{"start":{"line":33,"column":43},"end":{"line":33,"column":81}},"loc":{"start":{"line":33,"column":43},"end":{"line":33,"column":81}},"line":33},"2":{"name":"onClick","decl":{"start":{"line":36,"column":45},"end":{"line":36,"column":75}},"loc":{"start":{"line":36,"column":45},"end":{"line":36,"column":75}},"line":36},"3":{"name":"onClick","decl":{"start":{"line":39,"column":42},"end":{"line":39,"column":69}},"loc":{"start":{"line":39,"column":42},"end":{"line":39,"column":69}},"line":39}},"f":{"0":51,"1":20,"2":2,"3":6}}
,"/home/prachwal/nanolux/src/components/FeatureList/FeatureList.tsx": {"path":"/home/prachwal/nanolux/src/components/FeatureList/FeatureList.tsx","all":false,"statementMap":{"1":{"start":{"line":2,"column":0},"end":{"line":2,"column":26}},"32":{"start":{"line":33,"column":0},"end":{"line":33,"column":38}},"33":{"start":{"line":34,"column":0},"end":{"line":34,"column":11}},"34":{"start":{"line":35,"column":0},"end":{"line":35,"column":30}},"35":{"start":{"line":36,"column":0},"end":{"line":36,"column":17}},"36":{"start":{"line":37,"column":0},"end":{"line":37,"column":11}},"37":{"start":{"line":38,"column":0},"end":{"line":38,"column":22}},"38":{"start":{"line":39,"column":0},"end":{"line":39,"column":54}},"40":{"start":{"line":41,"column":0},"end":{"line":41,"column":10}},"41":{"start":{"line":42,"column":0},"end":{"line":42,"column":42}},"42":{"start":{"line":43,"column":0},"end":{"line":43,"column":64}},"44":{"start":{"line":45,"column":0},"end":{"line":45,"column":41}},"45":{"start":{"line":46,"column":0},"end":{"line":46,"column":43}},"46":{"start":{"line":47,"column":0},"end":{"line":47,"column":56}},"47":{"start":{"line":48,"column":0},"end":{"line":48,"column":69}},"48":{"start":{"line":49,"column":0},"end":{"line":49,"column":69}},"49":{"start":{"line":50,"column":0},"end":{"line":50,"column":15}},"50":{"start":{"line":51,"column":0},"end":{"line":51,"column":11}},"51":{"start":{"line":52,"column":0},"end":{"line":52,"column":11}},"52":{"start":{"line":53,"column":0},"end":{"line":53,"column":10}},"54":{"start":{"line":55,"column":0},"end":{"line":55,"column":1}}},"s":{"1":1,"32":29,"33":29,"34":29,"35":29,"36":29,"37":29,"38":29,"40":29,"41":29,"42":29,"44":29,"45":29,"46":135,"47":135,"48":135,"49":135,"50":29,"51":29,"52":29,"54":29},"branchMap":{"0":{"type":"branch","line":33,"loc":{"start":{"line":33,"column":0},"end":{"line":55,"column":1}},"locations":[{"start":{"line":33,"column":0},"end":{"line":55,"column":1}}]},"1":{"type":"branch","line":43,"loc":{"start":{"line":43,"column":7},"end":{"line":43,"column":64}},"locations":[{"start":{"line":43,"column":7},"end":{"line":43,"column":64}}]},"2":{"type":"branch","line":46,"loc":{"start":{"line":46,"column":22},"end":{"line":50,"column":15}},"locations":[{"start":{"line":46,"column":22},"end":{"line":50,"column":15}}]}},"b":{"0":[29],"1":[28],"2":[135]},"fnMap":{"0":{"name":"FeatureList","decl":{"start":{"line":33,"column":0},"end":{"line":55,"column":1}},"loc":{"start":{"line":33,"column":0},"end":{"line":55,"column":1}},"line":33}},"f":{"0":29}}
,"/home/prachwal/nanolux/src/components/Logo/Logo.examples.tsx": {"path":"/home/prachwal/nanolux/src/components/Logo/Logo.examples.tsx","all":false,"statementMap":{"1":{"start":{"line":2,"column":0},"end":{"line":2,"column":25}},"4":{"start":{"line":5,"column":0},"end":{"line":5,"column":29}},"5":{"start":{"line":6,"column":0},"end":{"line":6,"column":13}},"6":{"start":{"line":7,"column":0},"end":{"line":7,"column":21}},"7":{"start":{"line":8,"column":0},"end":{"line":8,"column":21}},"8":{"start":{"line":9,"column":0},"end":{"line":9,"column":28}},"9":{"start":{"line":10,"column":0},"end":{"line":10,"column":4}},"11":{"start":{"line":12,"column":0},"end":{"line":12,"column":15}},"12":{"start":{"line":13,"column":0},"end":{"line":13,"column":23}},"13":{"start":{"line":14,"column":0},"end":{"line":14,"column":23}},"14":{"start":{"line":15,"column":0},"end":{"line":15,"column":30}},"15":{"start":{"line":16,"column":0},"end":{"line":16,"column":4}},"17":{"start":{"line":18,"column":0},"end":{"line":18,"column":13}},"18":{"start":{"line":19,"column":0},"end":{"line":19,"column":21}},"19":{"start":{"line":20,"column":0},"end":{"line":20,"column":21}},"20":{"start":{"line":21,"column":0},"end":{"line":21,"column":29}},"21":{"start":{"line":22,"column":0},"end":{"line":22,"column":29}},"22":{"start":{"line":23,"column":0},"end":{"line":23,"column":29}},"23":{"start":{"line":24,"column":0},"end":{"line":24,"column":4}},"25":{"start":{"line":26,"column":0},"end":{"line":26,"column":10}},"26":{"start":{"line":27,"column":0},"end":{"line":27,"column":21}},"27":{"start":{"line":28,"column":0},"end":{"line":28,"column":21}},"28":{"start":{"line":29,"column":0},"end":{"line":29,"column":23}},"29":{"start":{"line":30,"column":0},"end":{"line":30,"column":4}},"31":{"start":{"line":32,"column":0},"end":{"line":32,"column":10}},"32":{"start":{"line":33,"column":0},"end":{"line":33,"column":21}},"33":{"start":{"line":34,"column":0},"end":{"line":34,"column":21}},"34":{"start":{"line":35,"column":0},"end":{"line":35,"column":23}},"35":{"start":{"line":36,"column":0},"end":{"line":36,"column":3}},"36":{"start":{"line":37,"column":0},"end":{"line":37,"column":1}},"42":{"start":{"line":43,"column":0},"end":{"line":43,"column":32}},"43":{"start":{"line":44,"column":0},"end":{"line":44,"column":10}},"44":{"start":{"line":45,"column":0},"end":{"line":45,"column":56}},"45":{"start":{"line":46,"column":0},"end":{"line":46,"column":41}},"46":{"start":{"line":47,"column":0},"end":{"line":47,"column":43}},"47":{"start":{"line":48,"column":0},"end":{"line":48,"column":38}},"48":{"start":{"line":49,"column":0},"end":{"line":49,"column":38}},"49":{"start":{"line":50,"column":0},"end":{"line":50,"column":10}},"51":{"start":{"line":52,"column":0},"end":{"line":52,"column":1}}},"s":{"1":1,"4":1,"5":1,"6":1,"7":1,"8":1,"9":1,"11":1,"12":1,"13":1,"14":1,"15":1,"17":1,"18":1,"19":1,"20":1,"21":1,"22":1,"23":1,"25":1,"26":1,"27":1,"28":1,"29":1,"31":1,"32":1,"33":1,"34":1,"35":1,"36":1,"42":1,"43":13,"44":13,"45":13,"46":13,"47":13,"48":13,"49":13,"51":13},"branchMap":{"0":{"type":"branch","line":43,"loc":{"start":{"line":43,"column":7},"end":{"line":52,"column":1}},"locations":[{"start":{"line":43,"column":7},"end":{"line":52,"column":1}}]}},"b":{"0":[13]},"fnMap":{"0":{"name":"LogoShowcase","decl":{"start":{"line":43,"column":7},"end":{"line":52,"column":1}},"loc":{"start":{"line":43,"column":7},"end":{"line":52,"column":1}},"line":43}},"f":{"0":13}}
,"/home/prachwal/nanolux/src/components/Logo/Logo.tsx": {"path":"/home/prachwal/nanolux/src/components/Logo/Logo.tsx","all":false,"statementMap":{"1":{"start":{"line":2,"column":0},"end":{"line":2,"column":19}},"28":{"start":{"line":29,"column":0},"end":{"line":29,"column":31}},"29":{"start":{"line":30,"column":0},"end":{"line":30,"column":7}},"30":{"start":{"line":31,"column":0},"end":{"line":31,"column":7}},"31":{"start":{"line":32,"column":0},"end":{"line":32,"column":10}},"32":{"start":{"line":33,"column":0},"end":{"line":33,"column":14}},"33":{"start":{"line":34,"column":0},"end":{"line":34,"column":7}},"34":{"start":{"line":35,"column":0},"end":{"line":35,"column":20}},"35":{"start":{"line":36,"column":0},"end":{"line":36,"column":17}},"36":{"start":{"line":37,"column":0},"end":{"line":37,"column":11}},"37":{"start":{"line":38,"column":0},"end":{"line":38,"column":15}},"38":{"start":{"line":39,"column":0},"end":{"line":39,"column":39}},"39":{"start":{"line":40,"column":0},"end":{"line":40,"column":56}},"40":{"start":{"line":41,"column":0},"end":{"line":41,"column":70}},"42":{"start":{"line":43,"column":0},"end":{"line":43,"column":21}},"43":{"start":{"line":44,"column":0},"end":{"line":44,"column":9}},"44":{"start":{"line":45,"column":0},"end":{"line":45,"column":16}},"45":{"start":{"line":46,"column":0},"end":{"line":46,"column":16}},"46":{"start":{"line":47,"column":0},"end":{"line":47,"column":28}},"47":{"start":{"line":48,"column":0},"end":{"line":48,"column":16}},"48":{"start":{"line":49,"column":0},"end":{"line":49,"column":6}},"51":{"start":{"line":52,"column":0},"end":{"line":52,"column":13}},"52":{"start":{"line":53,"column":0},"end":{"line":53,"column":12}},"53":{"start":{"line":54,"column":0},"end":{"line":54,"column":59}},"54":{"start":{"line":55,"column":0},"end":{"line":55,"column":19}},"55":{"start":{"line":56,"column":0},"end":{"line":56,"column":10}},"57":{"start":{"line":58,"column":0},"end":{"line":58,"column":3}},"59":{"start":{"line":60,"column":0},"end":{"line":60,"column":18}},"60":{"start":{"line":61,"column":0},"end":{"line":61,"column":1}}},"s":{"1":1,"28":140,"29":140,"30":140,"31":140,"32":140,"33":140,"34":140,"35":140,"36":140,"37":140,"38":140,"39":140,"40":140,"42":140,"43":140,"44":140,"45":140,"46":140,"47":140,"48":140,"51":140,"52":65,"53":65,"54":65,"55":65,"57":65,"59":75,"60":75},"branchMap":{"0":{"type":"branch","line":29,"loc":{"start":{"line":29,"column":0},"end":{"line":61,"column":1}},"locations":[{"start":{"line":29,"column":0},"end":{"line":61,"column":1}}]},"1":{"type":"branch","line":40,"loc":{"start":{"line":40,"column":23},"end":{"line":40,"column":54}},"locations":[{"start":{"line":40,"column":23},"end":{"line":40,"column":54}}]},"2":{"type":"branch","line":40,"loc":{"start":{"line":40,"column":49},"end":{"line":40,"column":56}},"locations":[{"start":{"line":40,"column":49},"end":{"line":40,"column":56}}]},"3":{"type":"branch","line":52,"loc":{"start":{"line":52,"column":12},"end":{"line":58,"column":3}},"locations":[{"start":{"line":52,"column":12},"end":{"line":58,"column":3}}]},"4":{"type":"branch","line":58,"loc":{"start":{"line":58,"column":2},"end":{"line":61,"column":1}},"locations":[{"start":{"line":58,"column":2},"end":{"line":61,"column":1}}]}},"b":{"0":[140],"1":[89],"2":[51],"3":[65],"4":[75]},"fnMap":{"0":{"name":"Logo","decl":{"start":{"line":29,"column":0},"end":{"line":61,"column":1}},"loc":{"start":{"line":29,"column":0},"end":{"line":61,"column":1}},"line":29}},"f":{"0":140}}
}
